2024-03-02 14:51:10,293 - Module(04_01_xgboost_training_main):Line(119) INFO - Loading data from /DATA/Luis/thesis/scanline_classification/data/data_for_training_final_SM2CT20NM3/training/merged/training_data_merged_frac.csv...
2024-03-02 14:51:16,981 - Module(04_01_xgboost_training_main):Line(74) INFO - Splitting the data into features and labels...
2024-03-02 14:51:17,037 - Module(04_01_xgboost_training_main):Line(40) INFO - Setting up XGBoost classifier...
2024-03-02 14:51:17,037 - Module(04_01_xgboost_training_main):Line(50) INFO - Training the model...
2024-03-02 14:51:26,657 - Module(04_01_xgboost_training_main):Line(139) INFO - Training completed. It took 9.62 seconds.
2024-03-02 14:51:26,657 - Module(04_01_xgboost_training_main):Line(58) INFO - Evaluating the model...
2024-03-02 14:51:26,772 - Module(04_01_xgboost_training_main):Line(66) INFO - Accuracy: 0.755
2024-03-02 14:51:26,772 - Module(04_01_xgboost_training_main):Line(67) INFO - F1-score: 0.753
2024-03-02 14:51:26,773 - Module(04_01_xgboost_training_main):Line(145) INFO - Saving the model...
2024-03-02 14:51:26,791 - Module(04_01_xgboost_training_main):Line(151) INFO - Saving the evaluation results...
2024-03-02 15:23:29,425 - Module(04_01_xgboost_training_main):Line(120) INFO - Loading data from /DATA/Luis/thesis/scanline_classification/data/data_for_training_final_SM2CT20NM3/training/merged/training_data_merged_frac.csv...
2024-03-02 15:23:33,554 - Module(04_01_xgboost_training_main):Line(74) INFO - Splitting the data into features and labels...
2024-03-02 15:23:33,600 - Module(04_01_xgboost_training_main):Line(40) INFO - Setting up XGBoost classifier...
2024-03-02 15:23:33,600 - Module(04_01_xgboost_training_main):Line(50) INFO - Training the model...
2024-03-02 15:23:42,554 - Module(04_01_xgboost_training_main):Line(140) INFO - Training completed. It took 8.95 seconds.
2024-03-02 15:23:42,555 - Module(04_01_xgboost_training_main):Line(58) INFO - Evaluating the model...
2024-03-02 15:23:42,663 - Module(04_01_xgboost_training_main):Line(66) INFO - Accuracy: 0.751
2024-03-02 15:23:42,663 - Module(04_01_xgboost_training_main):Line(67) INFO - F1-score: 0.750
2024-03-02 15:23:42,663 - Module(04_01_xgboost_training_main):Line(146) INFO - Saving the model...
2024-03-02 15:23:42,685 - Module(04_01_xgboost_training_main):Line(152) INFO - Saving the evaluation results...
2024-03-03 18:58:32,176 - Module(04_01_xgboost_training_main):Line(120) INFO - Loading data from /DATA/Luis/thesis/scanline_classification/data/data_for_training_final_SM2CT20NM3_v02/training/merged/training_data_merged_frac.csv...
2024-03-03 18:58:40,322 - Module(04_01_xgboost_training_main):Line(74) INFO - Splitting the data into features and labels...
2024-03-03 18:58:40,524 - Module(04_01_xgboost_training_main):Line(40) INFO - Setting up XGBoost classifier...
2024-03-03 18:58:40,524 - Module(04_01_xgboost_training_main):Line(50) INFO - Training the model...
2024-03-03 18:58:51,888 - Module(04_01_xgboost_training_main):Line(140) INFO - Training completed. It took 11.36 seconds.
2024-03-03 18:58:51,888 - Module(04_01_xgboost_training_main):Line(58) INFO - Evaluating the model...
2024-03-03 18:58:52,246 - Module(04_01_xgboost_training_main):Line(66) INFO - Accuracy: 0.764
2024-03-03 18:58:52,246 - Module(04_01_xgboost_training_main):Line(67) INFO - F1-score: 0.763
2024-03-03 18:58:52,247 - Module(04_01_xgboost_training_main):Line(146) INFO - Saving the model...
2024-03-03 18:58:52,272 - Module(04_01_xgboost_training_main):Line(152) INFO - Saving the evaluation results...
2024-03-03 18:59:26,414 - Module(04_01_xgboost_training_main):Line(120) INFO - Loading data from /DATA/Luis/thesis/scanline_classification/data/data_for_training_final_SM2CT20NM3_v02/training/merged/training_data_merged_frac.csv...
2024-03-03 18:59:33,929 - Module(04_01_xgboost_training_main):Line(74) INFO - Splitting the data into features and labels...
2024-03-03 18:59:34,170 - Module(04_01_xgboost_training_main):Line(40) INFO - Setting up XGBoost classifier...
2024-03-03 18:59:34,171 - Module(04_01_xgboost_training_main):Line(50) INFO - Training the model...
2024-03-03 18:59:42,063 - Module(04_01_xgboost_training_main):Line(140) INFO - Training completed. It took 7.89 seconds.
2024-03-03 18:59:42,064 - Module(04_01_xgboost_training_main):Line(58) INFO - Evaluating the model...
2024-03-03 18:59:42,395 - Module(04_01_xgboost_training_main):Line(66) INFO - Accuracy: 0.828
2024-03-03 18:59:42,396 - Module(04_01_xgboost_training_main):Line(67) INFO - F1-score: 0.828
2024-03-03 18:59:42,396 - Module(04_01_xgboost_training_main):Line(146) INFO - Saving the model...
2024-03-03 18:59:42,422 - Module(04_01_xgboost_training_main):Line(152) INFO - Saving the evaluation results...
2024-03-03 19:00:38,916 - Module(04_01_xgboost_training_main):Line(120) INFO - Loading data from /DATA/Luis/thesis/scanline_classification/data/data_for_training_final_SM2CT20NM3_v02/training/merged/training_data_merged_frac.csv...
2024-03-03 19:00:45,741 - Module(04_01_xgboost_training_main):Line(74) INFO - Splitting the data into features and labels...
2024-03-03 19:00:45,830 - Module(04_01_xgboost_training_main):Line(40) INFO - Setting up XGBoost classifier...
2024-03-03 19:00:45,830 - Module(04_01_xgboost_training_main):Line(50) INFO - Training the model...
2024-03-03 19:00:56,543 - Module(04_01_xgboost_training_main):Line(140) INFO - Training completed. It took 10.71 seconds.
2024-03-03 19:00:56,544 - Module(04_01_xgboost_training_main):Line(58) INFO - Evaluating the model...
2024-03-03 19:00:56,918 - Module(04_01_xgboost_training_main):Line(66) INFO - Accuracy: 0.764
2024-03-03 19:00:56,919 - Module(04_01_xgboost_training_main):Line(67) INFO - F1-score: 0.763
2024-03-03 19:00:56,919 - Module(04_01_xgboost_training_main):Line(146) INFO - Saving the model...
2024-03-03 19:00:56,946 - Module(04_01_xgboost_training_main):Line(152) INFO - Saving the evaluation results...
2024-03-03 19:02:17,647 - Module(04_01_xgboost_training_main):Line(120) INFO - Loading data from /DATA/Luis/thesis/scanline_classification/data/data_for_training_final_SM2CT20NM3_v02/training/merged/training_data_merged_frac.csv...
2024-03-03 19:18:10,365 - Module(04_01_xgboost_training_main):Line(120) INFO - Loading data from /DATA/Luis/thesis/scanline_classification/data/data_for_training_z_normalization/training/merged/training_data_merged_frac.csv...
2024-03-03 19:18:16,666 - Module(04_01_xgboost_training_main):Line(74) INFO - Splitting the data into features and labels...
2024-03-03 19:18:16,726 - Module(04_01_xgboost_training_main):Line(40) INFO - Setting up XGBoost classifier...
2024-03-03 19:18:16,726 - Module(04_01_xgboost_training_main):Line(50) INFO - Training the model...
2024-03-03 19:18:26,894 - Module(04_01_xgboost_training_main):Line(140) INFO - Training completed. It took 10.17 seconds.
2024-03-03 19:18:26,895 - Module(04_01_xgboost_training_main):Line(58) INFO - Evaluating the model...
2024-03-03 19:18:26,990 - Module(04_01_xgboost_training_main):Line(66) INFO - Accuracy: 0.753
2024-03-03 19:18:26,990 - Module(04_01_xgboost_training_main):Line(67) INFO - F1-score: 0.754
2024-03-03 19:18:26,990 - Module(04_01_xgboost_training_main):Line(146) INFO - Saving the model...
2024-03-03 19:18:27,010 - Module(04_01_xgboost_training_main):Line(152) INFO - Saving the evaluation results...
