2024-02-29 13:49:39,646 - Module(05_01_xgboost_training_feat_import):Line(167) INFO - Loading data from /DATA/Luis/thesis/scanline_classification/data/data_for_training_z_normalization/training/merged/training_data_merged_frac.csv...
2024-02-29 13:49:44,694 - Module(05_01_xgboost_training_feat_import):Line(111) INFO - Splitting the data into features and labels...
2024-02-29 13:49:44,740 - Module(05_01_xgboost_training_feat_import):Line(39) INFO - Setting up XGBoost classifier...
2024-02-29 13:49:44,741 - Module(05_01_xgboost_training_feat_import):Line(49) INFO - Training the model...
2024-02-29 13:49:47,411 - Module(05_01_xgboost_training_feat_import):Line(192) INFO - Training completed. It took 2.67 seconds.
2024-02-29 13:49:47,412 - Module(05_01_xgboost_training_feat_import):Line(57) INFO - Evaluating the model...
2024-02-29 13:49:47,466 - Module(05_01_xgboost_training_feat_import):Line(65) INFO - Accuracy: 0.815
2024-02-29 13:49:47,466 - Module(05_01_xgboost_training_feat_import):Line(66) INFO - F1-score: 0.815
2024-02-29 13:49:47,466 - Module(05_01_xgboost_training_feat_import):Line(198) INFO - Saving the model...
2024-02-29 13:49:47,466 - Module(05_01_xgboost_training_feat_import):Line(204) INFO - Saving the evaluation results...
2024-02-29 13:49:48,610 - Module(05_01_xgboost_training_feat_import):Line(167) INFO - Loading data from /DATA/Luis/thesis/scanline_classification/data/data_for_training_z_normalization/training/merged/training_data_merged_frac.csv...
2024-02-29 13:49:52,938 - Module(05_01_xgboost_training_feat_import):Line(111) INFO - Splitting the data into features and labels...
2024-02-29 13:49:52,989 - Module(05_01_xgboost_training_feat_import):Line(39) INFO - Setting up XGBoost classifier...
2024-02-29 13:49:52,989 - Module(05_01_xgboost_training_feat_import):Line(49) INFO - Training the model...
2024-02-29 13:49:55,514 - Module(05_01_xgboost_training_feat_import):Line(192) INFO - Training completed. It took 2.53 seconds.
2024-02-29 13:49:55,514 - Module(05_01_xgboost_training_feat_import):Line(57) INFO - Evaluating the model...
2024-02-29 13:49:55,571 - Module(05_01_xgboost_training_feat_import):Line(65) INFO - Accuracy: 0.790
2024-02-29 13:49:55,571 - Module(05_01_xgboost_training_feat_import):Line(66) INFO - F1-score: 0.791
2024-02-29 13:49:55,571 - Module(05_01_xgboost_training_feat_import):Line(198) INFO - Saving the model...
2024-02-29 13:49:55,571 - Module(05_01_xgboost_training_feat_import):Line(204) INFO - Saving the evaluation results...
2024-02-29 13:49:56,692 - Module(05_01_xgboost_training_feat_import):Line(167) INFO - Loading data from /DATA/Luis/thesis/scanline_classification/data/data_for_training_z_normalization/training/merged/training_data_merged_frac.csv...
2024-02-29 13:50:01,204 - Module(05_01_xgboost_training_feat_import):Line(111) INFO - Splitting the data into features and labels...
2024-02-29 13:50:01,251 - Module(05_01_xgboost_training_feat_import):Line(39) INFO - Setting up XGBoost classifier...
2024-02-29 13:50:01,252 - Module(05_01_xgboost_training_feat_import):Line(49) INFO - Training the model...
2024-02-29 13:50:04,003 - Module(05_01_xgboost_training_feat_import):Line(192) INFO - Training completed. It took 2.75 seconds.
2024-02-29 13:50:04,004 - Module(05_01_xgboost_training_feat_import):Line(57) INFO - Evaluating the model...
2024-02-29 13:50:04,058 - Module(05_01_xgboost_training_feat_import):Line(65) INFO - Accuracy: 0.805
2024-02-29 13:50:04,058 - Module(05_01_xgboost_training_feat_import):Line(66) INFO - F1-score: 0.805
2024-02-29 13:50:04,058 - Module(05_01_xgboost_training_feat_import):Line(198) INFO - Saving the model...
2024-02-29 13:50:04,059 - Module(05_01_xgboost_training_feat_import):Line(204) INFO - Saving the evaluation results...
2024-02-29 13:50:05,198 - Module(05_01_xgboost_training_feat_import):Line(167) INFO - Loading data from /DATA/Luis/thesis/scanline_classification/data/data_for_training_z_normalization/training/merged/training_data_merged_frac.csv...
2024-02-29 13:50:09,795 - Module(05_01_xgboost_training_feat_import):Line(111) INFO - Splitting the data into features and labels...
2024-02-29 13:50:09,843 - Module(05_01_xgboost_training_feat_import):Line(39) INFO - Setting up XGBoost classifier...
2024-02-29 13:50:09,843 - Module(05_01_xgboost_training_feat_import):Line(49) INFO - Training the model...
2024-02-29 13:50:12,344 - Module(05_01_xgboost_training_feat_import):Line(192) INFO - Training completed. It took 2.50 seconds.
2024-02-29 13:50:12,344 - Module(05_01_xgboost_training_feat_import):Line(57) INFO - Evaluating the model...
2024-02-29 13:50:12,403 - Module(05_01_xgboost_training_feat_import):Line(65) INFO - Accuracy: 0.811
2024-02-29 13:50:12,403 - Module(05_01_xgboost_training_feat_import):Line(66) INFO - F1-score: 0.811
2024-02-29 13:50:12,404 - Module(05_01_xgboost_training_feat_import):Line(198) INFO - Saving the model...
2024-02-29 13:50:12,404 - Module(05_01_xgboost_training_feat_import):Line(204) INFO - Saving the evaluation results...
2024-02-29 13:50:13,542 - Module(05_01_xgboost_training_feat_import):Line(167) INFO - Loading data from /DATA/Luis/thesis/scanline_classification/data/data_for_training_z_normalization/training/merged/training_data_merged_frac.csv...
2024-02-29 13:50:17,882 - Module(05_01_xgboost_training_feat_import):Line(111) INFO - Splitting the data into features and labels...
2024-02-29 13:50:17,928 - Module(05_01_xgboost_training_feat_import):Line(39) INFO - Setting up XGBoost classifier...
2024-02-29 13:50:17,929 - Module(05_01_xgboost_training_feat_import):Line(49) INFO - Training the model...
2024-02-29 13:50:20,459 - Module(05_01_xgboost_training_feat_import):Line(192) INFO - Training completed. It took 2.53 seconds.
2024-02-29 13:50:20,460 - Module(05_01_xgboost_training_feat_import):Line(57) INFO - Evaluating the model...
2024-02-29 13:50:20,514 - Module(05_01_xgboost_training_feat_import):Line(65) INFO - Accuracy: 0.792
2024-02-29 13:50:20,514 - Module(05_01_xgboost_training_feat_import):Line(66) INFO - F1-score: 0.791
2024-02-29 13:50:20,514 - Module(05_01_xgboost_training_feat_import):Line(198) INFO - Saving the model...
2024-02-29 13:50:20,514 - Module(05_01_xgboost_training_feat_import):Line(204) INFO - Saving the evaluation results...
2024-02-29 13:50:21,643 - Module(05_01_xgboost_training_feat_import):Line(167) INFO - Loading data from /DATA/Luis/thesis/scanline_classification/data/data_for_training_z_normalization/training/merged/training_data_merged_frac.csv...
2024-02-29 13:50:26,018 - Module(05_01_xgboost_training_feat_import):Line(111) INFO - Splitting the data into features and labels...
2024-02-29 13:50:26,066 - Module(05_01_xgboost_training_feat_import):Line(39) INFO - Setting up XGBoost classifier...
2024-02-29 13:50:26,067 - Module(05_01_xgboost_training_feat_import):Line(49) INFO - Training the model...
2024-02-29 13:50:28,633 - Module(05_01_xgboost_training_feat_import):Line(192) INFO - Training completed. It took 2.57 seconds.
2024-02-29 13:50:28,634 - Module(05_01_xgboost_training_feat_import):Line(57) INFO - Evaluating the model...
2024-02-29 13:50:28,688 - Module(05_01_xgboost_training_feat_import):Line(65) INFO - Accuracy: 0.807
2024-02-29 13:50:28,689 - Module(05_01_xgboost_training_feat_import):Line(66) INFO - F1-score: 0.807
2024-02-29 13:50:28,689 - Module(05_01_xgboost_training_feat_import):Line(198) INFO - Saving the model...
2024-02-29 13:50:28,689 - Module(05_01_xgboost_training_feat_import):Line(204) INFO - Saving the evaluation results...
2024-02-29 13:50:29,867 - Module(05_01_xgboost_training_feat_import):Line(167) INFO - Loading data from /DATA/Luis/thesis/scanline_classification/data/data_for_training_z_normalization/training/merged/training_data_merged_frac.csv...
2024-02-29 13:50:34,240 - Module(05_01_xgboost_training_feat_import):Line(111) INFO - Splitting the data into features and labels...
2024-02-29 13:50:34,289 - Module(05_01_xgboost_training_feat_import):Line(39) INFO - Setting up XGBoost classifier...
2024-02-29 13:50:34,289 - Module(05_01_xgboost_training_feat_import):Line(49) INFO - Training the model...
2024-02-29 13:50:36,598 - Module(05_01_xgboost_training_feat_import):Line(192) INFO - Training completed. It took 2.31 seconds.
2024-02-29 13:50:36,598 - Module(05_01_xgboost_training_feat_import):Line(57) INFO - Evaluating the model...
2024-02-29 13:50:36,653 - Module(05_01_xgboost_training_feat_import):Line(65) INFO - Accuracy: 0.794
2024-02-29 13:50:36,653 - Module(05_01_xgboost_training_feat_import):Line(66) INFO - F1-score: 0.795
2024-02-29 13:50:36,653 - Module(05_01_xgboost_training_feat_import):Line(198) INFO - Saving the model...
2024-02-29 13:50:36,654 - Module(05_01_xgboost_training_feat_import):Line(204) INFO - Saving the evaluation results...
2024-02-29 13:50:37,782 - Module(05_01_xgboost_training_feat_import):Line(167) INFO - Loading data from /DATA/Luis/thesis/scanline_classification/data/data_for_training_z_normalization/training/merged/training_data_merged_frac.csv...
2024-02-29 13:50:42,067 - Module(05_01_xgboost_training_feat_import):Line(111) INFO - Splitting the data into features and labels...
2024-02-29 13:50:42,113 - Module(05_01_xgboost_training_feat_import):Line(39) INFO - Setting up XGBoost classifier...
2024-02-29 13:50:42,114 - Module(05_01_xgboost_training_feat_import):Line(49) INFO - Training the model...
2024-02-29 13:50:44,613 - Module(05_01_xgboost_training_feat_import):Line(192) INFO - Training completed. It took 2.50 seconds.
2024-02-29 13:50:44,614 - Module(05_01_xgboost_training_feat_import):Line(57) INFO - Evaluating the model...
2024-02-29 13:50:44,668 - Module(05_01_xgboost_training_feat_import):Line(65) INFO - Accuracy: 0.796
2024-02-29 13:50:44,669 - Module(05_01_xgboost_training_feat_import):Line(66) INFO - F1-score: 0.796
2024-02-29 13:50:44,669 - Module(05_01_xgboost_training_feat_import):Line(198) INFO - Saving the model...
2024-02-29 13:50:44,669 - Module(05_01_xgboost_training_feat_import):Line(204) INFO - Saving the evaluation results...
2024-02-29 13:50:45,792 - Module(05_01_xgboost_training_feat_import):Line(167) INFO - Loading data from /DATA/Luis/thesis/scanline_classification/data/data_for_training_z_normalization/training/merged/training_data_merged_frac.csv...
2024-02-29 13:50:50,157 - Module(05_01_xgboost_training_feat_import):Line(111) INFO - Splitting the data into features and labels...
2024-02-29 13:50:50,203 - Module(05_01_xgboost_training_feat_import):Line(39) INFO - Setting up XGBoost classifier...
2024-02-29 13:50:50,204 - Module(05_01_xgboost_training_feat_import):Line(49) INFO - Training the model...
2024-02-29 13:50:52,452 - Module(05_01_xgboost_training_feat_import):Line(192) INFO - Training completed. It took 2.25 seconds.
2024-02-29 13:50:52,453 - Module(05_01_xgboost_training_feat_import):Line(57) INFO - Evaluating the model...
2024-02-29 13:50:52,521 - Module(05_01_xgboost_training_feat_import):Line(65) INFO - Accuracy: 0.418
2024-02-29 13:50:52,521 - Module(05_01_xgboost_training_feat_import):Line(66) INFO - F1-score: 0.414
2024-02-29 13:50:52,521 - Module(05_01_xgboost_training_feat_import):Line(198) INFO - Saving the model...
2024-02-29 13:50:52,521 - Module(05_01_xgboost_training_feat_import):Line(204) INFO - Saving the evaluation results...
2024-02-29 13:50:53,679 - Module(05_01_xgboost_training_feat_import):Line(167) INFO - Loading data from /DATA/Luis/thesis/scanline_classification/data/data_for_training_z_normalization/training/merged/training_data_merged_frac.csv...
2024-02-29 13:50:57,983 - Module(05_01_xgboost_training_feat_import):Line(111) INFO - Splitting the data into features and labels...
2024-02-29 13:50:58,030 - Module(05_01_xgboost_training_feat_import):Line(39) INFO - Setting up XGBoost classifier...
2024-02-29 13:50:58,030 - Module(05_01_xgboost_training_feat_import):Line(49) INFO - Training the model...
2024-02-29 13:51:00,529 - Module(05_01_xgboost_training_feat_import):Line(192) INFO - Training completed. It took 2.50 seconds.
2024-02-29 13:51:00,529 - Module(05_01_xgboost_training_feat_import):Line(57) INFO - Evaluating the model...
2024-02-29 13:51:00,586 - Module(05_01_xgboost_training_feat_import):Line(65) INFO - Accuracy: 0.413
2024-02-29 13:51:00,586 - Module(05_01_xgboost_training_feat_import):Line(66) INFO - F1-score: 0.411
2024-02-29 13:51:00,587 - Module(05_01_xgboost_training_feat_import):Line(198) INFO - Saving the model...
2024-02-29 13:51:00,587 - Module(05_01_xgboost_training_feat_import):Line(204) INFO - Saving the evaluation results...
2024-02-29 13:51:01,724 - Module(05_01_xgboost_training_feat_import):Line(167) INFO - Loading data from /DATA/Luis/thesis/scanline_classification/data/data_for_training_z_normalization/training/merged/training_data_merged_frac.csv...
2024-02-29 13:51:06,039 - Module(05_01_xgboost_training_feat_import):Line(111) INFO - Splitting the data into features and labels...
2024-02-29 13:51:06,086 - Module(05_01_xgboost_training_feat_import):Line(39) INFO - Setting up XGBoost classifier...
2024-02-29 13:51:06,087 - Module(05_01_xgboost_training_feat_import):Line(49) INFO - Training the model...
2024-02-29 13:51:08,268 - Module(05_01_xgboost_training_feat_import):Line(192) INFO - Training completed. It took 2.18 seconds.
2024-02-29 13:51:08,269 - Module(05_01_xgboost_training_feat_import):Line(57) INFO - Evaluating the model...
2024-02-29 13:51:08,339 - Module(05_01_xgboost_training_feat_import):Line(65) INFO - Accuracy: 0.418
2024-02-29 13:51:08,340 - Module(05_01_xgboost_training_feat_import):Line(66) INFO - F1-score: 0.414
2024-02-29 13:51:08,340 - Module(05_01_xgboost_training_feat_import):Line(198) INFO - Saving the model...
2024-02-29 13:51:08,340 - Module(05_01_xgboost_training_feat_import):Line(204) INFO - Saving the evaluation results...
2024-02-29 13:51:09,468 - Module(05_01_xgboost_training_feat_import):Line(167) INFO - Loading data from /DATA/Luis/thesis/scanline_classification/data/data_for_training_z_normalization/training/merged/training_data_merged_frac.csv...
2024-02-29 13:51:13,783 - Module(05_01_xgboost_training_feat_import):Line(111) INFO - Splitting the data into features and labels...
2024-02-29 13:51:13,831 - Module(05_01_xgboost_training_feat_import):Line(39) INFO - Setting up XGBoost classifier...
2024-02-29 13:51:13,831 - Module(05_01_xgboost_training_feat_import):Line(49) INFO - Training the model...
2024-02-29 13:51:16,166 - Module(05_01_xgboost_training_feat_import):Line(192) INFO - Training completed. It took 2.34 seconds.
2024-02-29 13:51:16,167 - Module(05_01_xgboost_training_feat_import):Line(57) INFO - Evaluating the model...
2024-02-29 13:51:16,241 - Module(05_01_xgboost_training_feat_import):Line(65) INFO - Accuracy: 0.416
2024-02-29 13:51:16,241 - Module(05_01_xgboost_training_feat_import):Line(66) INFO - F1-score: 0.412
2024-02-29 13:51:16,242 - Module(05_01_xgboost_training_feat_import):Line(198) INFO - Saving the model...
2024-02-29 13:51:16,242 - Module(05_01_xgboost_training_feat_import):Line(204) INFO - Saving the evaluation results...
2024-02-29 13:51:17,383 - Module(05_01_xgboost_training_feat_import):Line(167) INFO - Loading data from /DATA/Luis/thesis/scanline_classification/data/data_for_training_z_normalization/training/merged/training_data_merged_frac.csv...
2024-02-29 13:51:21,685 - Module(05_01_xgboost_training_feat_import):Line(111) INFO - Splitting the data into features and labels...
2024-02-29 13:51:21,735 - Module(05_01_xgboost_training_feat_import):Line(39) INFO - Setting up XGBoost classifier...
2024-02-29 13:51:21,736 - Module(05_01_xgboost_training_feat_import):Line(49) INFO - Training the model...
2024-02-29 13:51:23,932 - Module(05_01_xgboost_training_feat_import):Line(192) INFO - Training completed. It took 2.20 seconds.
2024-02-29 13:51:23,932 - Module(05_01_xgboost_training_feat_import):Line(57) INFO - Evaluating the model...
2024-02-29 13:51:24,002 - Module(05_01_xgboost_training_feat_import):Line(65) INFO - Accuracy: 0.416
2024-02-29 13:51:24,003 - Module(05_01_xgboost_training_feat_import):Line(66) INFO - F1-score: 0.412
2024-02-29 13:51:24,003 - Module(05_01_xgboost_training_feat_import):Line(198) INFO - Saving the model...
2024-02-29 13:51:24,003 - Module(05_01_xgboost_training_feat_import):Line(204) INFO - Saving the evaluation results...
2024-02-29 13:51:25,128 - Module(05_01_xgboost_training_feat_import):Line(167) INFO - Loading data from /DATA/Luis/thesis/scanline_classification/data/data_for_training_z_normalization/training/merged/training_data_merged_frac.csv...
2024-02-29 13:51:29,451 - Module(05_01_xgboost_training_feat_import):Line(111) INFO - Splitting the data into features and labels...
2024-02-29 13:51:29,499 - Module(05_01_xgboost_training_feat_import):Line(39) INFO - Setting up XGBoost classifier...
2024-02-29 13:51:29,499 - Module(05_01_xgboost_training_feat_import):Line(49) INFO - Training the model...
2024-02-29 13:51:31,649 - Module(05_01_xgboost_training_feat_import):Line(192) INFO - Training completed. It took 2.15 seconds.
2024-02-29 13:51:31,649 - Module(05_01_xgboost_training_feat_import):Line(57) INFO - Evaluating the model...
2024-02-29 13:51:31,717 - Module(05_01_xgboost_training_feat_import):Line(65) INFO - Accuracy: 0.407
2024-02-29 13:51:31,717 - Module(05_01_xgboost_training_feat_import):Line(66) INFO - F1-score: 0.403
2024-02-29 13:51:31,718 - Module(05_01_xgboost_training_feat_import):Line(198) INFO - Saving the model...
2024-02-29 13:51:31,718 - Module(05_01_xgboost_training_feat_import):Line(204) INFO - Saving the evaluation results...
2024-02-29 13:51:32,847 - Module(05_01_xgboost_training_feat_import):Line(167) INFO - Loading data from /DATA/Luis/thesis/scanline_classification/data/data_for_training_z_normalization/training/merged/training_data_merged_frac.csv...
2024-02-29 13:51:37,202 - Module(05_01_xgboost_training_feat_import):Line(111) INFO - Splitting the data into features and labels...
2024-02-29 13:51:37,253 - Module(05_01_xgboost_training_feat_import):Line(39) INFO - Setting up XGBoost classifier...
2024-02-29 13:51:37,254 - Module(05_01_xgboost_training_feat_import):Line(49) INFO - Training the model...
2024-02-29 13:51:39,474 - Module(05_01_xgboost_training_feat_import):Line(192) INFO - Training completed. It took 2.22 seconds.
2024-02-29 13:51:39,475 - Module(05_01_xgboost_training_feat_import):Line(57) INFO - Evaluating the model...
2024-02-29 13:51:39,542 - Module(05_01_xgboost_training_feat_import):Line(65) INFO - Accuracy: 0.420
2024-02-29 13:51:39,543 - Module(05_01_xgboost_training_feat_import):Line(66) INFO - F1-score: 0.420
2024-02-29 13:51:39,543 - Module(05_01_xgboost_training_feat_import):Line(198) INFO - Saving the model...
2024-02-29 13:51:39,543 - Module(05_01_xgboost_training_feat_import):Line(204) INFO - Saving the evaluation results...
2024-02-29 13:51:40,708 - Module(05_01_xgboost_training_feat_import):Line(167) INFO - Loading data from /DATA/Luis/thesis/scanline_classification/data/data_for_training_z_normalization/training/merged/training_data_merged_frac.csv...
2024-02-29 13:51:45,042 - Module(05_01_xgboost_training_feat_import):Line(111) INFO - Splitting the data into features and labels...
2024-02-29 13:51:45,094 - Module(05_01_xgboost_training_feat_import):Line(39) INFO - Setting up XGBoost classifier...
2024-02-29 13:51:45,095 - Module(05_01_xgboost_training_feat_import):Line(49) INFO - Training the model...
2024-02-29 13:51:47,261 - Module(05_01_xgboost_training_feat_import):Line(192) INFO - Training completed. It took 2.17 seconds.
2024-02-29 13:51:47,262 - Module(05_01_xgboost_training_feat_import):Line(57) INFO - Evaluating the model...
2024-02-29 13:51:47,329 - Module(05_01_xgboost_training_feat_import):Line(65) INFO - Accuracy: 0.408
2024-02-29 13:51:47,329 - Module(05_01_xgboost_training_feat_import):Line(66) INFO - F1-score: 0.401
2024-02-29 13:51:47,329 - Module(05_01_xgboost_training_feat_import):Line(198) INFO - Saving the model...
2024-02-29 13:51:47,329 - Module(05_01_xgboost_training_feat_import):Line(204) INFO - Saving the evaluation results...
2024-02-29 13:51:48,447 - Module(05_01_xgboost_training_feat_import):Line(167) INFO - Loading data from /DATA/Luis/thesis/scanline_classification/data/data_for_training_z_normalization/training/merged/training_data_merged_frac.csv...
2024-02-29 13:51:52,748 - Module(05_01_xgboost_training_feat_import):Line(111) INFO - Splitting the data into features and labels...
2024-02-29 13:51:52,792 - Module(05_01_xgboost_training_feat_import):Line(39) INFO - Setting up XGBoost classifier...
2024-02-29 13:51:52,793 - Module(05_01_xgboost_training_feat_import):Line(49) INFO - Training the model...
2024-02-29 13:51:55,147 - Module(05_01_xgboost_training_feat_import):Line(192) INFO - Training completed. It took 2.35 seconds.
2024-02-29 13:51:55,148 - Module(05_01_xgboost_training_feat_import):Line(57) INFO - Evaluating the model...
2024-02-29 13:51:55,214 - Module(05_01_xgboost_training_feat_import):Line(65) INFO - Accuracy: 0.443
2024-02-29 13:51:55,215 - Module(05_01_xgboost_training_feat_import):Line(66) INFO - F1-score: 0.444
2024-02-29 13:51:55,215 - Module(05_01_xgboost_training_feat_import):Line(198) INFO - Saving the model...
2024-02-29 13:51:55,215 - Module(05_01_xgboost_training_feat_import):Line(204) INFO - Saving the evaluation results...
2024-02-29 13:51:56,373 - Module(05_01_xgboost_training_feat_import):Line(167) INFO - Loading data from /DATA/Luis/thesis/scanline_classification/data/data_for_training_z_normalization/training/merged/training_data_merged_frac.csv...
2024-02-29 13:52:00,744 - Module(05_01_xgboost_training_feat_import):Line(111) INFO - Splitting the data into features and labels...
2024-02-29 13:52:00,792 - Module(05_01_xgboost_training_feat_import):Line(39) INFO - Setting up XGBoost classifier...
2024-02-29 13:52:00,793 - Module(05_01_xgboost_training_feat_import):Line(49) INFO - Training the model...
2024-02-29 13:52:02,985 - Module(05_01_xgboost_training_feat_import):Line(192) INFO - Training completed. It took 2.19 seconds.
2024-02-29 13:52:02,986 - Module(05_01_xgboost_training_feat_import):Line(57) INFO - Evaluating the model...
2024-02-29 13:52:03,054 - Module(05_01_xgboost_training_feat_import):Line(65) INFO - Accuracy: 0.436
2024-02-29 13:52:03,054 - Module(05_01_xgboost_training_feat_import):Line(66) INFO - F1-score: 0.439
2024-02-29 13:52:03,054 - Module(05_01_xgboost_training_feat_import):Line(198) INFO - Saving the model...
2024-02-29 13:52:03,054 - Module(05_01_xgboost_training_feat_import):Line(204) INFO - Saving the evaluation results...
2024-02-29 13:52:04,210 - Module(05_01_xgboost_training_feat_import):Line(167) INFO - Loading data from /DATA/Luis/thesis/scanline_classification/data/data_for_training_z_normalization/training/merged/training_data_merged_frac.csv...
2024-02-29 13:52:08,629 - Module(05_01_xgboost_training_feat_import):Line(111) INFO - Splitting the data into features and labels...
2024-02-29 13:52:08,675 - Module(05_01_xgboost_training_feat_import):Line(39) INFO - Setting up XGBoost classifier...
2024-02-29 13:52:08,675 - Module(05_01_xgboost_training_feat_import):Line(49) INFO - Training the model...
2024-02-29 13:52:11,056 - Module(05_01_xgboost_training_feat_import):Line(192) INFO - Training completed. It took 2.38 seconds.
2024-02-29 13:52:11,057 - Module(05_01_xgboost_training_feat_import):Line(57) INFO - Evaluating the model...
2024-02-29 13:52:11,114 - Module(05_01_xgboost_training_feat_import):Line(65) INFO - Accuracy: 0.443
2024-02-29 13:52:11,114 - Module(05_01_xgboost_training_feat_import):Line(66) INFO - F1-score: 0.444
2024-02-29 13:52:11,115 - Module(05_01_xgboost_training_feat_import):Line(198) INFO - Saving the model...
2024-02-29 13:52:11,115 - Module(05_01_xgboost_training_feat_import):Line(204) INFO - Saving the evaluation results...
2024-02-29 13:52:12,244 - Module(05_01_xgboost_training_feat_import):Line(167) INFO - Loading data from /DATA/Luis/thesis/scanline_classification/data/data_for_training_z_normalization/training/merged/training_data_merged_frac.csv...
2024-02-29 13:52:16,631 - Module(05_01_xgboost_training_feat_import):Line(111) INFO - Splitting the data into features and labels...
2024-02-29 13:52:16,683 - Module(05_01_xgboost_training_feat_import):Line(39) INFO - Setting up XGBoost classifier...
2024-02-29 13:52:16,683 - Module(05_01_xgboost_training_feat_import):Line(49) INFO - Training the model...
2024-02-29 13:52:18,895 - Module(05_01_xgboost_training_feat_import):Line(192) INFO - Training completed. It took 2.21 seconds.
2024-02-29 13:52:18,896 - Module(05_01_xgboost_training_feat_import):Line(57) INFO - Evaluating the model...
2024-02-29 13:52:18,963 - Module(05_01_xgboost_training_feat_import):Line(65) INFO - Accuracy: 0.440
2024-02-29 13:52:18,963 - Module(05_01_xgboost_training_feat_import):Line(66) INFO - F1-score: 0.441
2024-02-29 13:52:18,964 - Module(05_01_xgboost_training_feat_import):Line(198) INFO - Saving the model...
2024-02-29 13:52:18,964 - Module(05_01_xgboost_training_feat_import):Line(204) INFO - Saving the evaluation results...
2024-02-29 13:52:20,100 - Module(05_01_xgboost_training_feat_import):Line(167) INFO - Loading data from /DATA/Luis/thesis/scanline_classification/data/data_for_training_z_normalization/training/merged/training_data_merged_frac.csv...
2024-02-29 13:52:24,395 - Module(05_01_xgboost_training_feat_import):Line(111) INFO - Splitting the data into features and labels...
2024-02-29 13:52:24,443 - Module(05_01_xgboost_training_feat_import):Line(39) INFO - Setting up XGBoost classifier...
2024-02-29 13:52:24,443 - Module(05_01_xgboost_training_feat_import):Line(49) INFO - Training the model...
2024-02-29 13:52:26,738 - Module(05_01_xgboost_training_feat_import):Line(192) INFO - Training completed. It took 2.29 seconds.
2024-02-29 13:52:26,738 - Module(05_01_xgboost_training_feat_import):Line(57) INFO - Evaluating the model...
2024-02-29 13:52:26,809 - Module(05_01_xgboost_training_feat_import):Line(65) INFO - Accuracy: 0.439
2024-02-29 13:52:26,809 - Module(05_01_xgboost_training_feat_import):Line(66) INFO - F1-score: 0.441
2024-02-29 13:52:26,809 - Module(05_01_xgboost_training_feat_import):Line(198) INFO - Saving the model...
2024-02-29 13:52:26,809 - Module(05_01_xgboost_training_feat_import):Line(204) INFO - Saving the evaluation results...
2024-02-29 13:52:27,953 - Module(05_01_xgboost_training_feat_import):Line(167) INFO - Loading data from /DATA/Luis/thesis/scanline_classification/data/data_for_training_z_normalization/training/merged/training_data_merged_frac.csv...
2024-02-29 13:52:32,232 - Module(05_01_xgboost_training_feat_import):Line(111) INFO - Splitting the data into features and labels...
2024-02-29 13:52:32,280 - Module(05_01_xgboost_training_feat_import):Line(39) INFO - Setting up XGBoost classifier...
2024-02-29 13:52:32,280 - Module(05_01_xgboost_training_feat_import):Line(49) INFO - Training the model...
2024-02-29 13:52:34,510 - Module(05_01_xgboost_training_feat_import):Line(192) INFO - Training completed. It took 2.23 seconds.
2024-02-29 13:52:34,510 - Module(05_01_xgboost_training_feat_import):Line(57) INFO - Evaluating the model...
2024-02-29 13:52:34,578 - Module(05_01_xgboost_training_feat_import):Line(65) INFO - Accuracy: 0.435
2024-02-29 13:52:34,578 - Module(05_01_xgboost_training_feat_import):Line(66) INFO - F1-score: 0.437
2024-02-29 13:52:34,578 - Module(05_01_xgboost_training_feat_import):Line(198) INFO - Saving the model...
2024-02-29 13:52:34,578 - Module(05_01_xgboost_training_feat_import):Line(204) INFO - Saving the evaluation results...
2024-02-29 13:52:35,710 - Module(05_01_xgboost_training_feat_import):Line(167) INFO - Loading data from /DATA/Luis/thesis/scanline_classification/data/data_for_training_z_normalization/training/merged/training_data_merged_frac.csv...
2024-02-29 13:52:40,002 - Module(05_01_xgboost_training_feat_import):Line(111) INFO - Splitting the data into features and labels...
2024-02-29 13:52:40,049 - Module(05_01_xgboost_training_feat_import):Line(39) INFO - Setting up XGBoost classifier...
2024-02-29 13:52:40,049 - Module(05_01_xgboost_training_feat_import):Line(49) INFO - Training the model...
2024-02-29 13:52:42,334 - Module(05_01_xgboost_training_feat_import):Line(192) INFO - Training completed. It took 2.29 seconds.
2024-02-29 13:52:42,335 - Module(05_01_xgboost_training_feat_import):Line(57) INFO - Evaluating the model...
2024-02-29 13:52:42,402 - Module(05_01_xgboost_training_feat_import):Line(65) INFO - Accuracy: 0.443
2024-02-29 13:52:42,402 - Module(05_01_xgboost_training_feat_import):Line(66) INFO - F1-score: 0.448
2024-02-29 13:52:42,402 - Module(05_01_xgboost_training_feat_import):Line(198) INFO - Saving the model...
2024-02-29 13:52:42,403 - Module(05_01_xgboost_training_feat_import):Line(204) INFO - Saving the evaluation results...
2024-02-29 13:52:43,636 - Module(05_01_xgboost_training_feat_import):Line(167) INFO - Loading data from /DATA/Luis/thesis/scanline_classification/data/data_for_training_z_normalization/training/merged/training_data_merged_frac.csv...
2024-02-29 13:52:47,948 - Module(05_01_xgboost_training_feat_import):Line(111) INFO - Splitting the data into features and labels...
2024-02-29 13:52:47,996 - Module(05_01_xgboost_training_feat_import):Line(39) INFO - Setting up XGBoost classifier...
2024-02-29 13:52:47,996 - Module(05_01_xgboost_training_feat_import):Line(49) INFO - Training the model...
2024-02-29 13:52:50,344 - Module(05_01_xgboost_training_feat_import):Line(192) INFO - Training completed. It took 2.35 seconds.
2024-02-29 13:52:50,345 - Module(05_01_xgboost_training_feat_import):Line(57) INFO - Evaluating the model...
2024-02-29 13:52:50,414 - Module(05_01_xgboost_training_feat_import):Line(65) INFO - Accuracy: 0.430
2024-02-29 13:52:50,414 - Module(05_01_xgboost_training_feat_import):Line(66) INFO - F1-score: 0.427
2024-02-29 13:52:50,414 - Module(05_01_xgboost_training_feat_import):Line(198) INFO - Saving the model...
2024-02-29 13:52:50,415 - Module(05_01_xgboost_training_feat_import):Line(204) INFO - Saving the evaluation results...
2024-02-29 13:52:51,558 - Module(05_01_xgboost_training_feat_import):Line(167) INFO - Loading data from /DATA/Luis/thesis/scanline_classification/data/data_for_training_z_normalization/training/merged/training_data_merged_frac.csv...
2024-02-29 13:52:55,890 - Module(05_01_xgboost_training_feat_import):Line(111) INFO - Splitting the data into features and labels...
2024-02-29 13:52:55,934 - Module(05_01_xgboost_training_feat_import):Line(39) INFO - Setting up XGBoost classifier...
2024-02-29 13:52:55,934 - Module(05_01_xgboost_training_feat_import):Line(49) INFO - Training the model...
2024-02-29 13:52:58,351 - Module(05_01_xgboost_training_feat_import):Line(192) INFO - Training completed. It took 2.42 seconds.
2024-02-29 13:52:58,352 - Module(05_01_xgboost_training_feat_import):Line(57) INFO - Evaluating the model...
2024-02-29 13:52:58,407 - Module(05_01_xgboost_training_feat_import):Line(65) INFO - Accuracy: 0.824
2024-02-29 13:52:58,407 - Module(05_01_xgboost_training_feat_import):Line(66) INFO - F1-score: 0.824
2024-02-29 13:52:58,407 - Module(05_01_xgboost_training_feat_import):Line(198) INFO - Saving the model...
2024-02-29 13:52:58,407 - Module(05_01_xgboost_training_feat_import):Line(204) INFO - Saving the evaluation results...
2024-02-29 13:52:59,566 - Module(05_01_xgboost_training_feat_import):Line(167) INFO - Loading data from /DATA/Luis/thesis/scanline_classification/data/data_for_training_z_normalization/training/merged/training_data_merged_frac.csv...
2024-02-29 13:53:03,866 - Module(05_01_xgboost_training_feat_import):Line(111) INFO - Splitting the data into features and labels...
2024-02-29 13:53:03,913 - Module(05_01_xgboost_training_feat_import):Line(39) INFO - Setting up XGBoost classifier...
2024-02-29 13:53:03,914 - Module(05_01_xgboost_training_feat_import):Line(49) INFO - Training the model...
2024-02-29 13:53:06,212 - Module(05_01_xgboost_training_feat_import):Line(192) INFO - Training completed. It took 2.30 seconds.
2024-02-29 13:53:06,212 - Module(05_01_xgboost_training_feat_import):Line(57) INFO - Evaluating the model...
2024-02-29 13:53:06,266 - Module(05_01_xgboost_training_feat_import):Line(65) INFO - Accuracy: 0.805
2024-02-29 13:53:06,267 - Module(05_01_xgboost_training_feat_import):Line(66) INFO - F1-score: 0.806
2024-02-29 13:53:06,267 - Module(05_01_xgboost_training_feat_import):Line(198) INFO - Saving the model...
2024-02-29 13:53:06,267 - Module(05_01_xgboost_training_feat_import):Line(204) INFO - Saving the evaluation results...
2024-02-29 13:53:07,389 - Module(05_01_xgboost_training_feat_import):Line(167) INFO - Loading data from /DATA/Luis/thesis/scanline_classification/data/data_for_training_z_normalization/training/merged/training_data_merged_frac.csv...
2024-02-29 13:53:11,637 - Module(05_01_xgboost_training_feat_import):Line(111) INFO - Splitting the data into features and labels...
2024-02-29 13:53:11,685 - Module(05_01_xgboost_training_feat_import):Line(39) INFO - Setting up XGBoost classifier...
2024-02-29 13:53:11,685 - Module(05_01_xgboost_training_feat_import):Line(49) INFO - Training the model...
2024-02-29 13:53:13,939 - Module(05_01_xgboost_training_feat_import):Line(192) INFO - Training completed. It took 2.25 seconds.
2024-02-29 13:53:13,939 - Module(05_01_xgboost_training_feat_import):Line(57) INFO - Evaluating the model...
2024-02-29 13:53:13,993 - Module(05_01_xgboost_training_feat_import):Line(65) INFO - Accuracy: 0.815
2024-02-29 13:53:13,993 - Module(05_01_xgboost_training_feat_import):Line(66) INFO - F1-score: 0.815
2024-02-29 13:53:13,994 - Module(05_01_xgboost_training_feat_import):Line(198) INFO - Saving the model...
2024-02-29 13:53:13,994 - Module(05_01_xgboost_training_feat_import):Line(204) INFO - Saving the evaluation results...
2024-02-29 13:53:15,118 - Module(05_01_xgboost_training_feat_import):Line(167) INFO - Loading data from /DATA/Luis/thesis/scanline_classification/data/data_for_training_z_normalization/training/merged/training_data_merged_frac.csv...
2024-02-29 13:53:19,401 - Module(05_01_xgboost_training_feat_import):Line(111) INFO - Splitting the data into features and labels...
2024-02-29 13:53:19,448 - Module(05_01_xgboost_training_feat_import):Line(39) INFO - Setting up XGBoost classifier...
2024-02-29 13:53:19,449 - Module(05_01_xgboost_training_feat_import):Line(49) INFO - Training the model...
2024-02-29 13:53:21,726 - Module(05_01_xgboost_training_feat_import):Line(192) INFO - Training completed. It took 2.28 seconds.
2024-02-29 13:53:21,727 - Module(05_01_xgboost_training_feat_import):Line(57) INFO - Evaluating the model...
2024-02-29 13:53:21,782 - Module(05_01_xgboost_training_feat_import):Line(65) INFO - Accuracy: 0.821
2024-02-29 13:53:21,783 - Module(05_01_xgboost_training_feat_import):Line(66) INFO - F1-score: 0.821
2024-02-29 13:53:21,783 - Module(05_01_xgboost_training_feat_import):Line(198) INFO - Saving the model...
2024-02-29 13:53:21,783 - Module(05_01_xgboost_training_feat_import):Line(204) INFO - Saving the evaluation results...
2024-02-29 13:53:22,931 - Module(05_01_xgboost_training_feat_import):Line(167) INFO - Loading data from /DATA/Luis/thesis/scanline_classification/data/data_for_training_z_normalization/training/merged/training_data_merged_frac.csv...
2024-02-29 13:53:27,212 - Module(05_01_xgboost_training_feat_import):Line(111) INFO - Splitting the data into features and labels...
2024-02-29 13:53:27,260 - Module(05_01_xgboost_training_feat_import):Line(39) INFO - Setting up XGBoost classifier...
2024-02-29 13:53:27,260 - Module(05_01_xgboost_training_feat_import):Line(49) INFO - Training the model...
2024-02-29 13:53:29,586 - Module(05_01_xgboost_training_feat_import):Line(192) INFO - Training completed. It took 2.33 seconds.
2024-02-29 13:53:29,586 - Module(05_01_xgboost_training_feat_import):Line(57) INFO - Evaluating the model...
2024-02-29 13:53:29,640 - Module(05_01_xgboost_training_feat_import):Line(65) INFO - Accuracy: 0.799
2024-02-29 13:53:29,641 - Module(05_01_xgboost_training_feat_import):Line(66) INFO - F1-score: 0.798
2024-02-29 13:53:29,641 - Module(05_01_xgboost_training_feat_import):Line(198) INFO - Saving the model...
2024-02-29 13:53:29,641 - Module(05_01_xgboost_training_feat_import):Line(204) INFO - Saving the evaluation results...
2024-02-29 13:53:30,780 - Module(05_01_xgboost_training_feat_import):Line(167) INFO - Loading data from /DATA/Luis/thesis/scanline_classification/data/data_for_training_z_normalization/training/merged/training_data_merged_frac.csv...
2024-02-29 13:53:35,037 - Module(05_01_xgboost_training_feat_import):Line(111) INFO - Splitting the data into features and labels...
2024-02-29 13:53:35,084 - Module(05_01_xgboost_training_feat_import):Line(39) INFO - Setting up XGBoost classifier...
2024-02-29 13:53:35,084 - Module(05_01_xgboost_training_feat_import):Line(49) INFO - Training the model...
2024-02-29 13:53:37,460 - Module(05_01_xgboost_training_feat_import):Line(192) INFO - Training completed. It took 2.38 seconds.
2024-02-29 13:53:37,461 - Module(05_01_xgboost_training_feat_import):Line(57) INFO - Evaluating the model...
2024-02-29 13:53:37,515 - Module(05_01_xgboost_training_feat_import):Line(65) INFO - Accuracy: 0.819
2024-02-29 13:53:37,516 - Module(05_01_xgboost_training_feat_import):Line(66) INFO - F1-score: 0.820
2024-02-29 13:53:37,516 - Module(05_01_xgboost_training_feat_import):Line(198) INFO - Saving the model...
2024-02-29 13:53:37,516 - Module(05_01_xgboost_training_feat_import):Line(204) INFO - Saving the evaluation results...
2024-02-29 13:53:38,638 - Module(05_01_xgboost_training_feat_import):Line(167) INFO - Loading data from /DATA/Luis/thesis/scanline_classification/data/data_for_training_z_normalization/training/merged/training_data_merged_frac.csv...
2024-02-29 13:53:42,906 - Module(05_01_xgboost_training_feat_import):Line(111) INFO - Splitting the data into features and labels...
2024-02-29 13:53:42,955 - Module(05_01_xgboost_training_feat_import):Line(39) INFO - Setting up XGBoost classifier...
2024-02-29 13:53:42,955 - Module(05_01_xgboost_training_feat_import):Line(49) INFO - Training the model...
2024-02-29 13:53:45,251 - Module(05_01_xgboost_training_feat_import):Line(192) INFO - Training completed. It took 2.30 seconds.
2024-02-29 13:53:45,252 - Module(05_01_xgboost_training_feat_import):Line(57) INFO - Evaluating the model...
2024-02-29 13:53:45,307 - Module(05_01_xgboost_training_feat_import):Line(65) INFO - Accuracy: 0.804
2024-02-29 13:53:45,307 - Module(05_01_xgboost_training_feat_import):Line(66) INFO - F1-score: 0.805
2024-02-29 13:53:45,307 - Module(05_01_xgboost_training_feat_import):Line(198) INFO - Saving the model...
2024-02-29 13:53:45,307 - Module(05_01_xgboost_training_feat_import):Line(204) INFO - Saving the evaluation results...
2024-02-29 13:53:46,467 - Module(05_01_xgboost_training_feat_import):Line(167) INFO - Loading data from /DATA/Luis/thesis/scanline_classification/data/data_for_training_z_normalization/training/merged/training_data_merged_frac.csv...
2024-02-29 13:53:50,800 - Module(05_01_xgboost_training_feat_import):Line(111) INFO - Splitting the data into features and labels...
2024-02-29 13:53:50,847 - Module(05_01_xgboost_training_feat_import):Line(39) INFO - Setting up XGBoost classifier...
2024-02-29 13:53:50,848 - Module(05_01_xgboost_training_feat_import):Line(49) INFO - Training the model...
2024-02-29 13:53:53,237 - Module(05_01_xgboost_training_feat_import):Line(192) INFO - Training completed. It took 2.39 seconds.
2024-02-29 13:53:53,237 - Module(05_01_xgboost_training_feat_import):Line(57) INFO - Evaluating the model...
2024-02-29 13:53:53,292 - Module(05_01_xgboost_training_feat_import):Line(65) INFO - Accuracy: 0.801
2024-02-29 13:53:53,292 - Module(05_01_xgboost_training_feat_import):Line(66) INFO - F1-score: 0.801
2024-02-29 13:53:53,292 - Module(05_01_xgboost_training_feat_import):Line(198) INFO - Saving the model...
2024-02-29 13:53:53,293 - Module(05_01_xgboost_training_feat_import):Line(204) INFO - Saving the evaluation results...
2024-02-29 13:53:54,435 - Module(05_01_xgboost_training_feat_import):Line(167) INFO - Loading data from /DATA/Luis/thesis/scanline_classification/data/data_for_training_z_normalization/training/merged/training_data_merged_frac.csv...
2024-02-29 13:53:58,694 - Module(05_01_xgboost_training_feat_import):Line(111) INFO - Splitting the data into features and labels...
2024-02-29 13:53:58,738 - Module(05_01_xgboost_training_feat_import):Line(39) INFO - Setting up XGBoost classifier...
2024-02-29 13:53:58,738 - Module(05_01_xgboost_training_feat_import):Line(49) INFO - Training the model...
2024-02-29 13:54:01,116 - Module(05_01_xgboost_training_feat_import):Line(192) INFO - Training completed. It took 2.38 seconds.
2024-02-29 13:54:01,117 - Module(05_01_xgboost_training_feat_import):Line(57) INFO - Evaluating the model...
2024-02-29 13:54:01,172 - Module(05_01_xgboost_training_feat_import):Line(65) INFO - Accuracy: 0.820
2024-02-29 13:54:01,172 - Module(05_01_xgboost_training_feat_import):Line(66) INFO - F1-score: 0.820
2024-02-29 13:54:01,172 - Module(05_01_xgboost_training_feat_import):Line(198) INFO - Saving the model...
2024-02-29 13:54:01,172 - Module(05_01_xgboost_training_feat_import):Line(204) INFO - Saving the evaluation results...
2024-02-29 13:54:02,310 - Module(05_01_xgboost_training_feat_import):Line(167) INFO - Loading data from /DATA/Luis/thesis/scanline_classification/data/data_for_training_z_normalization/training/merged/training_data_merged_frac.csv...
2024-02-29 13:54:06,615 - Module(05_01_xgboost_training_feat_import):Line(111) INFO - Splitting the data into features and labels...
2024-02-29 13:54:06,666 - Module(05_01_xgboost_training_feat_import):Line(39) INFO - Setting up XGBoost classifier...
2024-02-29 13:54:06,667 - Module(05_01_xgboost_training_feat_import):Line(49) INFO - Training the model...
2024-02-29 13:54:09,049 - Module(05_01_xgboost_training_feat_import):Line(192) INFO - Training completed. It took 2.38 seconds.
2024-02-29 13:54:09,050 - Module(05_01_xgboost_training_feat_import):Line(57) INFO - Evaluating the model...
2024-02-29 13:54:09,103 - Module(05_01_xgboost_training_feat_import):Line(65) INFO - Accuracy: 0.800
2024-02-29 13:54:09,103 - Module(05_01_xgboost_training_feat_import):Line(66) INFO - F1-score: 0.802
2024-02-29 13:54:09,103 - Module(05_01_xgboost_training_feat_import):Line(198) INFO - Saving the model...
2024-02-29 13:54:09,103 - Module(05_01_xgboost_training_feat_import):Line(204) INFO - Saving the evaluation results...
2024-02-29 13:54:10,247 - Module(05_01_xgboost_training_feat_import):Line(167) INFO - Loading data from /DATA/Luis/thesis/scanline_classification/data/data_for_training_z_normalization/training/merged/training_data_merged_frac.csv...
2024-02-29 13:54:14,562 - Module(05_01_xgboost_training_feat_import):Line(111) INFO - Splitting the data into features and labels...
2024-02-29 13:54:14,609 - Module(05_01_xgboost_training_feat_import):Line(39) INFO - Setting up XGBoost classifier...
2024-02-29 13:54:14,609 - Module(05_01_xgboost_training_feat_import):Line(49) INFO - Training the model...
2024-02-29 13:54:16,866 - Module(05_01_xgboost_training_feat_import):Line(192) INFO - Training completed. It took 2.26 seconds.
2024-02-29 13:54:16,867 - Module(05_01_xgboost_training_feat_import):Line(57) INFO - Evaluating the model...
2024-02-29 13:54:16,923 - Module(05_01_xgboost_training_feat_import):Line(65) INFO - Accuracy: 0.811
2024-02-29 13:54:16,923 - Module(05_01_xgboost_training_feat_import):Line(66) INFO - F1-score: 0.811
2024-02-29 13:54:16,923 - Module(05_01_xgboost_training_feat_import):Line(198) INFO - Saving the model...
2024-02-29 13:54:16,924 - Module(05_01_xgboost_training_feat_import):Line(204) INFO - Saving the evaluation results...
2024-02-29 13:54:18,079 - Module(05_01_xgboost_training_feat_import):Line(167) INFO - Loading data from /DATA/Luis/thesis/scanline_classification/data/data_for_training_z_normalization/training/merged/training_data_merged_frac.csv...
2024-02-29 13:54:22,422 - Module(05_01_xgboost_training_feat_import):Line(111) INFO - Splitting the data into features and labels...
2024-02-29 13:54:22,471 - Module(05_01_xgboost_training_feat_import):Line(39) INFO - Setting up XGBoost classifier...
2024-02-29 13:54:22,471 - Module(05_01_xgboost_training_feat_import):Line(49) INFO - Training the model...
2024-02-29 13:54:24,910 - Module(05_01_xgboost_training_feat_import):Line(192) INFO - Training completed. It took 2.44 seconds.
2024-02-29 13:54:24,911 - Module(05_01_xgboost_training_feat_import):Line(57) INFO - Evaluating the model...
2024-02-29 13:54:24,966 - Module(05_01_xgboost_training_feat_import):Line(65) INFO - Accuracy: 0.818
2024-02-29 13:54:24,966 - Module(05_01_xgboost_training_feat_import):Line(66) INFO - F1-score: 0.818
2024-02-29 13:54:24,966 - Module(05_01_xgboost_training_feat_import):Line(198) INFO - Saving the model...
2024-02-29 13:54:24,966 - Module(05_01_xgboost_training_feat_import):Line(204) INFO - Saving the evaluation results...
2024-02-29 13:54:26,108 - Module(05_01_xgboost_training_feat_import):Line(167) INFO - Loading data from /DATA/Luis/thesis/scanline_classification/data/data_for_training_z_normalization/training/merged/training_data_merged_frac.csv...
2024-02-29 13:54:30,407 - Module(05_01_xgboost_training_feat_import):Line(111) INFO - Splitting the data into features and labels...
2024-02-29 13:54:30,454 - Module(05_01_xgboost_training_feat_import):Line(39) INFO - Setting up XGBoost classifier...
2024-02-29 13:54:30,454 - Module(05_01_xgboost_training_feat_import):Line(49) INFO - Training the model...
2024-02-29 13:54:32,742 - Module(05_01_xgboost_training_feat_import):Line(192) INFO - Training completed. It took 2.29 seconds.
2024-02-29 13:54:32,742 - Module(05_01_xgboost_training_feat_import):Line(57) INFO - Evaluating the model...
2024-02-29 13:54:32,798 - Module(05_01_xgboost_training_feat_import):Line(65) INFO - Accuracy: 0.790
2024-02-29 13:54:32,798 - Module(05_01_xgboost_training_feat_import):Line(66) INFO - F1-score: 0.789
2024-02-29 13:54:32,798 - Module(05_01_xgboost_training_feat_import):Line(198) INFO - Saving the model...
2024-02-29 13:54:32,798 - Module(05_01_xgboost_training_feat_import):Line(204) INFO - Saving the evaluation results...
2024-02-29 13:54:33,934 - Module(05_01_xgboost_training_feat_import):Line(167) INFO - Loading data from /DATA/Luis/thesis/scanline_classification/data/data_for_training_z_normalization/training/merged/training_data_merged_frac.csv...
2024-02-29 13:54:38,265 - Module(05_01_xgboost_training_feat_import):Line(111) INFO - Splitting the data into features and labels...
2024-02-29 13:54:38,310 - Module(05_01_xgboost_training_feat_import):Line(39) INFO - Setting up XGBoost classifier...
2024-02-29 13:54:38,311 - Module(05_01_xgboost_training_feat_import):Line(49) INFO - Training the model...
2024-02-29 13:54:40,718 - Module(05_01_xgboost_training_feat_import):Line(192) INFO - Training completed. It took 2.41 seconds.
2024-02-29 13:54:40,719 - Module(05_01_xgboost_training_feat_import):Line(57) INFO - Evaluating the model...
2024-02-29 13:54:40,773 - Module(05_01_xgboost_training_feat_import):Line(65) INFO - Accuracy: 0.816
2024-02-29 13:54:40,774 - Module(05_01_xgboost_training_feat_import):Line(66) INFO - F1-score: 0.816
2024-02-29 13:54:40,774 - Module(05_01_xgboost_training_feat_import):Line(198) INFO - Saving the model...
2024-02-29 13:54:40,774 - Module(05_01_xgboost_training_feat_import):Line(204) INFO - Saving the evaluation results...
2024-02-29 13:54:41,909 - Module(05_01_xgboost_training_feat_import):Line(167) INFO - Loading data from /DATA/Luis/thesis/scanline_classification/data/data_for_training_z_normalization/training/merged/training_data_merged_frac.csv...
2024-02-29 13:54:46,166 - Module(05_01_xgboost_training_feat_import):Line(111) INFO - Splitting the data into features and labels...
2024-02-29 13:54:46,217 - Module(05_01_xgboost_training_feat_import):Line(39) INFO - Setting up XGBoost classifier...
2024-02-29 13:54:46,217 - Module(05_01_xgboost_training_feat_import):Line(49) INFO - Training the model...
2024-02-29 13:54:48,474 - Module(05_01_xgboost_training_feat_import):Line(192) INFO - Training completed. It took 2.26 seconds.
2024-02-29 13:54:48,474 - Module(05_01_xgboost_training_feat_import):Line(57) INFO - Evaluating the model...
2024-02-29 13:54:48,530 - Module(05_01_xgboost_training_feat_import):Line(65) INFO - Accuracy: 0.800
2024-02-29 13:54:48,530 - Module(05_01_xgboost_training_feat_import):Line(66) INFO - F1-score: 0.801
2024-02-29 13:54:48,530 - Module(05_01_xgboost_training_feat_import):Line(198) INFO - Saving the model...
2024-02-29 13:54:48,530 - Module(05_01_xgboost_training_feat_import):Line(204) INFO - Saving the evaluation results...
2024-02-29 13:54:49,675 - Module(05_01_xgboost_training_feat_import):Line(167) INFO - Loading data from /DATA/Luis/thesis/scanline_classification/data/data_for_training_z_normalization/training/merged/training_data_merged_frac.csv...
2024-02-29 13:54:54,015 - Module(05_01_xgboost_training_feat_import):Line(111) INFO - Splitting the data into features and labels...
2024-02-29 13:54:54,067 - Module(05_01_xgboost_training_feat_import):Line(39) INFO - Setting up XGBoost classifier...
2024-02-29 13:54:54,068 - Module(05_01_xgboost_training_feat_import):Line(49) INFO - Training the model...
2024-02-29 13:54:56,406 - Module(05_01_xgboost_training_feat_import):Line(192) INFO - Training completed. It took 2.34 seconds.
2024-02-29 13:54:56,407 - Module(05_01_xgboost_training_feat_import):Line(57) INFO - Evaluating the model...
2024-02-29 13:54:56,461 - Module(05_01_xgboost_training_feat_import):Line(65) INFO - Accuracy: 0.808
2024-02-29 13:54:56,461 - Module(05_01_xgboost_training_feat_import):Line(66) INFO - F1-score: 0.808
2024-02-29 13:54:56,461 - Module(05_01_xgboost_training_feat_import):Line(198) INFO - Saving the model...
2024-02-29 13:54:56,461 - Module(05_01_xgboost_training_feat_import):Line(204) INFO - Saving the evaluation results...
2024-02-29 13:54:57,613 - Module(05_01_xgboost_training_feat_import):Line(167) INFO - Loading data from /DATA/Luis/thesis/scanline_classification/data/data_for_training_z_normalization/training/merged/training_data_merged_frac.csv...
2024-02-29 13:55:01,951 - Module(05_01_xgboost_training_feat_import):Line(111) INFO - Splitting the data into features and labels...
2024-02-29 13:55:01,994 - Module(05_01_xgboost_training_feat_import):Line(39) INFO - Setting up XGBoost classifier...
2024-02-29 13:55:01,995 - Module(05_01_xgboost_training_feat_import):Line(49) INFO - Training the model...
2024-02-29 13:55:04,493 - Module(05_01_xgboost_training_feat_import):Line(192) INFO - Training completed. It took 2.50 seconds.
2024-02-29 13:55:04,494 - Module(05_01_xgboost_training_feat_import):Line(57) INFO - Evaluating the model...
2024-02-29 13:55:04,549 - Module(05_01_xgboost_training_feat_import):Line(65) INFO - Accuracy: 0.809
2024-02-29 13:55:04,550 - Module(05_01_xgboost_training_feat_import):Line(66) INFO - F1-score: 0.810
2024-02-29 13:55:04,550 - Module(05_01_xgboost_training_feat_import):Line(198) INFO - Saving the model...
2024-02-29 13:55:04,550 - Module(05_01_xgboost_training_feat_import):Line(204) INFO - Saving the evaluation results...
2024-02-29 13:55:05,704 - Module(05_01_xgboost_training_feat_import):Line(167) INFO - Loading data from /DATA/Luis/thesis/scanline_classification/data/data_for_training_z_normalization/training/merged/training_data_merged_frac.csv...
2024-02-29 13:55:09,963 - Module(05_01_xgboost_training_feat_import):Line(111) INFO - Splitting the data into features and labels...
2024-02-29 13:55:10,009 - Module(05_01_xgboost_training_feat_import):Line(39) INFO - Setting up XGBoost classifier...
2024-02-29 13:55:10,009 - Module(05_01_xgboost_training_feat_import):Line(49) INFO - Training the model...
2024-02-29 13:55:12,287 - Module(05_01_xgboost_training_feat_import):Line(192) INFO - Training completed. It took 2.28 seconds.
2024-02-29 13:55:12,288 - Module(05_01_xgboost_training_feat_import):Line(57) INFO - Evaluating the model...
2024-02-29 13:55:12,343 - Module(05_01_xgboost_training_feat_import):Line(65) INFO - Accuracy: 0.790
2024-02-29 13:55:12,343 - Module(05_01_xgboost_training_feat_import):Line(66) INFO - F1-score: 0.790
2024-02-29 13:55:12,343 - Module(05_01_xgboost_training_feat_import):Line(198) INFO - Saving the model...
2024-02-29 13:55:12,343 - Module(05_01_xgboost_training_feat_import):Line(204) INFO - Saving the evaluation results...
2024-02-29 13:55:13,478 - Module(05_01_xgboost_training_feat_import):Line(167) INFO - Loading data from /DATA/Luis/thesis/scanline_classification/data/data_for_training_z_normalization/training/merged/training_data_merged_frac.csv...
2024-02-29 13:55:17,738 - Module(05_01_xgboost_training_feat_import):Line(111) INFO - Splitting the data into features and labels...
2024-02-29 13:55:17,788 - Module(05_01_xgboost_training_feat_import):Line(39) INFO - Setting up XGBoost classifier...
2024-02-29 13:55:17,789 - Module(05_01_xgboost_training_feat_import):Line(49) INFO - Training the model...
2024-02-29 13:55:20,189 - Module(05_01_xgboost_training_feat_import):Line(192) INFO - Training completed. It took 2.40 seconds.
2024-02-29 13:55:20,190 - Module(05_01_xgboost_training_feat_import):Line(57) INFO - Evaluating the model...
2024-02-29 13:55:20,245 - Module(05_01_xgboost_training_feat_import):Line(65) INFO - Accuracy: 0.801
2024-02-29 13:55:20,246 - Module(05_01_xgboost_training_feat_import):Line(66) INFO - F1-score: 0.802
2024-02-29 13:55:20,246 - Module(05_01_xgboost_training_feat_import):Line(198) INFO - Saving the model...
2024-02-29 13:55:20,246 - Module(05_01_xgboost_training_feat_import):Line(204) INFO - Saving the evaluation results...
2024-02-29 13:55:21,387 - Module(05_01_xgboost_training_feat_import):Line(167) INFO - Loading data from /DATA/Luis/thesis/scanline_classification/data/data_for_training_z_normalization/training/merged/training_data_merged_frac.csv...
2024-02-29 13:55:25,659 - Module(05_01_xgboost_training_feat_import):Line(111) INFO - Splitting the data into features and labels...
2024-02-29 13:55:25,707 - Module(05_01_xgboost_training_feat_import):Line(39) INFO - Setting up XGBoost classifier...
2024-02-29 13:55:25,707 - Module(05_01_xgboost_training_feat_import):Line(49) INFO - Training the model...
2024-02-29 13:55:27,974 - Module(05_01_xgboost_training_feat_import):Line(192) INFO - Training completed. It took 2.27 seconds.
2024-02-29 13:55:27,975 - Module(05_01_xgboost_training_feat_import):Line(57) INFO - Evaluating the model...
2024-02-29 13:55:28,030 - Module(05_01_xgboost_training_feat_import):Line(65) INFO - Accuracy: 0.805
2024-02-29 13:55:28,030 - Module(05_01_xgboost_training_feat_import):Line(66) INFO - F1-score: 0.806
2024-02-29 13:55:28,030 - Module(05_01_xgboost_training_feat_import):Line(198) INFO - Saving the model...
2024-02-29 13:55:28,030 - Module(05_01_xgboost_training_feat_import):Line(204) INFO - Saving the evaluation results...
2024-02-29 13:55:29,178 - Module(05_01_xgboost_training_feat_import):Line(167) INFO - Loading data from /DATA/Luis/thesis/scanline_classification/data/data_for_training_z_normalization/training/merged/training_data_merged_frac.csv...
2024-02-29 13:55:33,502 - Module(05_01_xgboost_training_feat_import):Line(111) INFO - Splitting the data into features and labels...
2024-02-29 13:55:33,548 - Module(05_01_xgboost_training_feat_import):Line(39) INFO - Setting up XGBoost classifier...
2024-02-29 13:55:33,549 - Module(05_01_xgboost_training_feat_import):Line(49) INFO - Training the model...
2024-02-29 13:55:35,970 - Module(05_01_xgboost_training_feat_import):Line(192) INFO - Training completed. It took 2.42 seconds.
2024-02-29 13:55:35,971 - Module(05_01_xgboost_training_feat_import):Line(57) INFO - Evaluating the model...
2024-02-29 13:55:36,027 - Module(05_01_xgboost_training_feat_import):Line(65) INFO - Accuracy: 0.787
2024-02-29 13:55:36,027 - Module(05_01_xgboost_training_feat_import):Line(66) INFO - F1-score: 0.786
2024-02-29 13:55:36,027 - Module(05_01_xgboost_training_feat_import):Line(198) INFO - Saving the model...
2024-02-29 13:55:36,027 - Module(05_01_xgboost_training_feat_import):Line(204) INFO - Saving the evaluation results...
2024-02-29 13:55:37,186 - Module(05_01_xgboost_training_feat_import):Line(167) INFO - Loading data from /DATA/Luis/thesis/scanline_classification/data/data_for_training_z_normalization/training/merged/training_data_merged_frac.csv...
2024-02-29 13:55:41,562 - Module(05_01_xgboost_training_feat_import):Line(111) INFO - Splitting the data into features and labels...
2024-02-29 13:55:41,615 - Module(05_01_xgboost_training_feat_import):Line(39) INFO - Setting up XGBoost classifier...
2024-02-29 13:55:41,615 - Module(05_01_xgboost_training_feat_import):Line(49) INFO - Training the model...
2024-02-29 13:55:43,923 - Module(05_01_xgboost_training_feat_import):Line(192) INFO - Training completed. It took 2.31 seconds.
2024-02-29 13:55:43,923 - Module(05_01_xgboost_training_feat_import):Line(57) INFO - Evaluating the model...
2024-02-29 13:55:43,978 - Module(05_01_xgboost_training_feat_import):Line(65) INFO - Accuracy: 0.802
2024-02-29 13:55:43,979 - Module(05_01_xgboost_training_feat_import):Line(66) INFO - F1-score: 0.803
2024-02-29 13:55:43,979 - Module(05_01_xgboost_training_feat_import):Line(198) INFO - Saving the model...
2024-02-29 13:55:43,979 - Module(05_01_xgboost_training_feat_import):Line(204) INFO - Saving the evaluation results...
2024-02-29 13:55:45,127 - Module(05_01_xgboost_training_feat_import):Line(167) INFO - Loading data from /DATA/Luis/thesis/scanline_classification/data/data_for_training_z_normalization/training/merged/training_data_merged_frac.csv...
2024-02-29 13:55:49,443 - Module(05_01_xgboost_training_feat_import):Line(111) INFO - Splitting the data into features and labels...
2024-02-29 13:55:49,489 - Module(05_01_xgboost_training_feat_import):Line(39) INFO - Setting up XGBoost classifier...
2024-02-29 13:55:49,490 - Module(05_01_xgboost_training_feat_import):Line(49) INFO - Training the model...
2024-02-29 13:55:51,913 - Module(05_01_xgboost_training_feat_import):Line(192) INFO - Training completed. It took 2.42 seconds.
2024-02-29 13:55:51,914 - Module(05_01_xgboost_training_feat_import):Line(57) INFO - Evaluating the model...
2024-02-29 13:55:51,968 - Module(05_01_xgboost_training_feat_import):Line(65) INFO - Accuracy: 0.795
2024-02-29 13:55:51,968 - Module(05_01_xgboost_training_feat_import):Line(66) INFO - F1-score: 0.796
2024-02-29 13:55:51,968 - Module(05_01_xgboost_training_feat_import):Line(198) INFO - Saving the model...
2024-02-29 13:55:51,968 - Module(05_01_xgboost_training_feat_import):Line(204) INFO - Saving the evaluation results...
2024-02-29 13:55:53,138 - Module(05_01_xgboost_training_feat_import):Line(167) INFO - Loading data from /DATA/Luis/thesis/scanline_classification/data/data_for_training_z_normalization/training/merged/training_data_merged_frac.csv...
2024-02-29 13:55:57,631 - Module(05_01_xgboost_training_feat_import):Line(111) INFO - Splitting the data into features and labels...
2024-02-29 13:55:57,683 - Module(05_01_xgboost_training_feat_import):Line(39) INFO - Setting up XGBoost classifier...
2024-02-29 13:55:57,683 - Module(05_01_xgboost_training_feat_import):Line(49) INFO - Training the model...
2024-02-29 13:56:00,514 - Module(05_01_xgboost_training_feat_import):Line(192) INFO - Training completed. It took 2.83 seconds.
2024-02-29 13:56:00,514 - Module(05_01_xgboost_training_feat_import):Line(57) INFO - Evaluating the model...
2024-02-29 13:56:00,571 - Module(05_01_xgboost_training_feat_import):Line(65) INFO - Accuracy: 0.786
2024-02-29 13:56:00,571 - Module(05_01_xgboost_training_feat_import):Line(66) INFO - F1-score: 0.786
2024-02-29 13:56:00,571 - Module(05_01_xgboost_training_feat_import):Line(198) INFO - Saving the model...
2024-02-29 13:56:00,572 - Module(05_01_xgboost_training_feat_import):Line(204) INFO - Saving the evaluation results...
2024-02-29 13:56:01,735 - Module(05_01_xgboost_training_feat_import):Line(167) INFO - Loading data from /DATA/Luis/thesis/scanline_classification/data/data_for_training_z_normalization/training/merged/training_data_merged_frac.csv...
2024-02-29 13:56:06,252 - Module(05_01_xgboost_training_feat_import):Line(111) INFO - Splitting the data into features and labels...
2024-02-29 13:56:06,300 - Module(05_01_xgboost_training_feat_import):Line(39) INFO - Setting up XGBoost classifier...
2024-02-29 13:56:06,301 - Module(05_01_xgboost_training_feat_import):Line(49) INFO - Training the model...
2024-02-29 13:56:09,270 - Module(05_01_xgboost_training_feat_import):Line(192) INFO - Training completed. It took 2.97 seconds.
2024-02-29 13:56:09,271 - Module(05_01_xgboost_training_feat_import):Line(57) INFO - Evaluating the model...
2024-02-29 13:56:09,327 - Module(05_01_xgboost_training_feat_import):Line(65) INFO - Accuracy: 0.827
2024-02-29 13:56:09,328 - Module(05_01_xgboost_training_feat_import):Line(66) INFO - F1-score: 0.827
2024-02-29 13:56:09,328 - Module(05_01_xgboost_training_feat_import):Line(198) INFO - Saving the model...
2024-02-29 13:56:09,328 - Module(05_01_xgboost_training_feat_import):Line(204) INFO - Saving the evaluation results...
2024-02-29 13:56:10,470 - Module(05_01_xgboost_training_feat_import):Line(167) INFO - Loading data from /DATA/Luis/thesis/scanline_classification/data/data_for_training_z_normalization/training/merged/training_data_merged_frac.csv...
2024-02-29 13:56:14,750 - Module(05_01_xgboost_training_feat_import):Line(111) INFO - Splitting the data into features and labels...
2024-02-29 13:56:14,796 - Module(05_01_xgboost_training_feat_import):Line(39) INFO - Setting up XGBoost classifier...
2024-02-29 13:56:14,796 - Module(05_01_xgboost_training_feat_import):Line(49) INFO - Training the model...
2024-02-29 13:56:17,152 - Module(05_01_xgboost_training_feat_import):Line(192) INFO - Training completed. It took 2.36 seconds.
2024-02-29 13:56:17,153 - Module(05_01_xgboost_training_feat_import):Line(57) INFO - Evaluating the model...
2024-02-29 13:56:17,207 - Module(05_01_xgboost_training_feat_import):Line(65) INFO - Accuracy: 0.802
2024-02-29 13:56:17,207 - Module(05_01_xgboost_training_feat_import):Line(66) INFO - F1-score: 0.804
2024-02-29 13:56:17,207 - Module(05_01_xgboost_training_feat_import):Line(198) INFO - Saving the model...
2024-02-29 13:56:17,207 - Module(05_01_xgboost_training_feat_import):Line(204) INFO - Saving the evaluation results...
2024-02-29 13:56:18,350 - Module(05_01_xgboost_training_feat_import):Line(167) INFO - Loading data from /DATA/Luis/thesis/scanline_classification/data/data_for_training_z_normalization/training/merged/training_data_merged_frac.csv...
2024-02-29 13:56:22,650 - Module(05_01_xgboost_training_feat_import):Line(111) INFO - Splitting the data into features and labels...
2024-02-29 13:56:22,700 - Module(05_01_xgboost_training_feat_import):Line(39) INFO - Setting up XGBoost classifier...
2024-02-29 13:56:22,700 - Module(05_01_xgboost_training_feat_import):Line(49) INFO - Training the model...
2024-02-29 13:56:24,996 - Module(05_01_xgboost_training_feat_import):Line(192) INFO - Training completed. It took 2.30 seconds.
2024-02-29 13:56:24,996 - Module(05_01_xgboost_training_feat_import):Line(57) INFO - Evaluating the model...
2024-02-29 13:56:25,050 - Module(05_01_xgboost_training_feat_import):Line(65) INFO - Accuracy: 0.818
2024-02-29 13:56:25,051 - Module(05_01_xgboost_training_feat_import):Line(66) INFO - F1-score: 0.818
2024-02-29 13:56:25,051 - Module(05_01_xgboost_training_feat_import):Line(198) INFO - Saving the model...
2024-02-29 13:56:25,051 - Module(05_01_xgboost_training_feat_import):Line(204) INFO - Saving the evaluation results...
2024-02-29 13:56:26,221 - Module(05_01_xgboost_training_feat_import):Line(167) INFO - Loading data from /DATA/Luis/thesis/scanline_classification/data/data_for_training_z_normalization/training/merged/training_data_merged_frac.csv...
2024-02-29 13:56:30,467 - Module(05_01_xgboost_training_feat_import):Line(111) INFO - Splitting the data into features and labels...
2024-02-29 13:56:30,514 - Module(05_01_xgboost_training_feat_import):Line(39) INFO - Setting up XGBoost classifier...
2024-02-29 13:56:30,514 - Module(05_01_xgboost_training_feat_import):Line(49) INFO - Training the model...
2024-02-29 13:56:32,886 - Module(05_01_xgboost_training_feat_import):Line(192) INFO - Training completed. It took 2.37 seconds.
2024-02-29 13:56:32,887 - Module(05_01_xgboost_training_feat_import):Line(57) INFO - Evaluating the model...
2024-02-29 13:56:32,940 - Module(05_01_xgboost_training_feat_import):Line(65) INFO - Accuracy: 0.825
2024-02-29 13:56:32,940 - Module(05_01_xgboost_training_feat_import):Line(66) INFO - F1-score: 0.825
2024-02-29 13:56:32,941 - Module(05_01_xgboost_training_feat_import):Line(198) INFO - Saving the model...
2024-02-29 13:56:32,941 - Module(05_01_xgboost_training_feat_import):Line(204) INFO - Saving the evaluation results...
2024-02-29 13:56:34,114 - Module(05_01_xgboost_training_feat_import):Line(167) INFO - Loading data from /DATA/Luis/thesis/scanline_classification/data/data_for_training_z_normalization/training/merged/training_data_merged_frac.csv...
2024-02-29 13:56:38,382 - Module(05_01_xgboost_training_feat_import):Line(111) INFO - Splitting the data into features and labels...
2024-02-29 13:56:38,428 - Module(05_01_xgboost_training_feat_import):Line(39) INFO - Setting up XGBoost classifier...
2024-02-29 13:56:38,429 - Module(05_01_xgboost_training_feat_import):Line(49) INFO - Training the model...
2024-02-29 13:56:40,774 - Module(05_01_xgboost_training_feat_import):Line(192) INFO - Training completed. It took 2.35 seconds.
2024-02-29 13:56:40,775 - Module(05_01_xgboost_training_feat_import):Line(57) INFO - Evaluating the model...
2024-02-29 13:56:40,829 - Module(05_01_xgboost_training_feat_import):Line(65) INFO - Accuracy: 0.800
2024-02-29 13:56:40,830 - Module(05_01_xgboost_training_feat_import):Line(66) INFO - F1-score: 0.800
2024-02-29 13:56:40,830 - Module(05_01_xgboost_training_feat_import):Line(198) INFO - Saving the model...
2024-02-29 13:56:40,830 - Module(05_01_xgboost_training_feat_import):Line(204) INFO - Saving the evaluation results...
2024-02-29 13:56:41,945 - Module(05_01_xgboost_training_feat_import):Line(167) INFO - Loading data from /DATA/Luis/thesis/scanline_classification/data/data_for_training_z_normalization/training/merged/training_data_merged_frac.csv...
2024-02-29 13:56:46,197 - Module(05_01_xgboost_training_feat_import):Line(111) INFO - Splitting the data into features and labels...
2024-02-29 13:56:46,244 - Module(05_01_xgboost_training_feat_import):Line(39) INFO - Setting up XGBoost classifier...
2024-02-29 13:56:46,244 - Module(05_01_xgboost_training_feat_import):Line(49) INFO - Training the model...
2024-02-29 13:56:48,633 - Module(05_01_xgboost_training_feat_import):Line(192) INFO - Training completed. It took 2.39 seconds.
2024-02-29 13:56:48,633 - Module(05_01_xgboost_training_feat_import):Line(57) INFO - Evaluating the model...
2024-02-29 13:56:48,688 - Module(05_01_xgboost_training_feat_import):Line(65) INFO - Accuracy: 0.820
2024-02-29 13:56:48,688 - Module(05_01_xgboost_training_feat_import):Line(66) INFO - F1-score: 0.821
2024-02-29 13:56:48,689 - Module(05_01_xgboost_training_feat_import):Line(198) INFO - Saving the model...
2024-02-29 13:56:48,689 - Module(05_01_xgboost_training_feat_import):Line(204) INFO - Saving the evaluation results...
2024-02-29 13:56:49,808 - Module(05_01_xgboost_training_feat_import):Line(167) INFO - Loading data from /DATA/Luis/thesis/scanline_classification/data/data_for_training_z_normalization/training/merged/training_data_merged_frac.csv...
2024-02-29 13:56:54,050 - Module(05_01_xgboost_training_feat_import):Line(111) INFO - Splitting the data into features and labels...
2024-02-29 13:56:54,097 - Module(05_01_xgboost_training_feat_import):Line(39) INFO - Setting up XGBoost classifier...
2024-02-29 13:56:54,097 - Module(05_01_xgboost_training_feat_import):Line(49) INFO - Training the model...
2024-02-29 13:56:56,400 - Module(05_01_xgboost_training_feat_import):Line(192) INFO - Training completed. It took 2.30 seconds.
2024-02-29 13:56:56,401 - Module(05_01_xgboost_training_feat_import):Line(57) INFO - Evaluating the model...
2024-02-29 13:56:56,456 - Module(05_01_xgboost_training_feat_import):Line(65) INFO - Accuracy: 0.803
2024-02-29 13:56:56,456 - Module(05_01_xgboost_training_feat_import):Line(66) INFO - F1-score: 0.805
2024-02-29 13:56:56,457 - Module(05_01_xgboost_training_feat_import):Line(198) INFO - Saving the model...
2024-02-29 13:56:56,457 - Module(05_01_xgboost_training_feat_import):Line(204) INFO - Saving the evaluation results...
2024-02-29 13:56:57,582 - Module(05_01_xgboost_training_feat_import):Line(167) INFO - Loading data from /DATA/Luis/thesis/scanline_classification/data/data_for_training_z_normalization/training/merged/training_data_merged_frac.csv...
2024-02-29 13:57:01,848 - Module(05_01_xgboost_training_feat_import):Line(111) INFO - Splitting the data into features and labels...
2024-02-29 13:57:01,900 - Module(05_01_xgboost_training_feat_import):Line(39) INFO - Setting up XGBoost classifier...
2024-02-29 13:57:01,900 - Module(05_01_xgboost_training_feat_import):Line(49) INFO - Training the model...
2024-02-29 13:57:04,255 - Module(05_01_xgboost_training_feat_import):Line(192) INFO - Training completed. It took 2.36 seconds.
2024-02-29 13:57:04,255 - Module(05_01_xgboost_training_feat_import):Line(57) INFO - Evaluating the model...
2024-02-29 13:57:04,310 - Module(05_01_xgboost_training_feat_import):Line(65) INFO - Accuracy: 0.808
2024-02-29 13:57:04,310 - Module(05_01_xgboost_training_feat_import):Line(66) INFO - F1-score: 0.808
2024-02-29 13:57:04,310 - Module(05_01_xgboost_training_feat_import):Line(198) INFO - Saving the model...
2024-02-29 13:57:04,310 - Module(05_01_xgboost_training_feat_import):Line(204) INFO - Saving the evaluation results...
2024-02-29 13:57:05,448 - Module(05_01_xgboost_training_feat_import):Line(167) INFO - Loading data from /DATA/Luis/thesis/scanline_classification/data/data_for_training_z_normalization/training/merged/training_data_merged_frac.csv...
2024-02-29 13:57:09,813 - Module(05_01_xgboost_training_feat_import):Line(111) INFO - Splitting the data into features and labels...
2024-02-29 13:57:09,857 - Module(05_01_xgboost_training_feat_import):Line(39) INFO - Setting up XGBoost classifier...
2024-02-29 13:57:09,858 - Module(05_01_xgboost_training_feat_import):Line(49) INFO - Training the model...
2024-02-29 13:57:12,287 - Module(05_01_xgboost_training_feat_import):Line(192) INFO - Training completed. It took 2.43 seconds.
2024-02-29 13:57:12,288 - Module(05_01_xgboost_training_feat_import):Line(57) INFO - Evaluating the model...
2024-02-29 13:57:12,343 - Module(05_01_xgboost_training_feat_import):Line(65) INFO - Accuracy: 0.820
2024-02-29 13:57:12,343 - Module(05_01_xgboost_training_feat_import):Line(66) INFO - F1-score: 0.820
2024-02-29 13:57:12,343 - Module(05_01_xgboost_training_feat_import):Line(198) INFO - Saving the model...
2024-02-29 13:57:12,343 - Module(05_01_xgboost_training_feat_import):Line(204) INFO - Saving the evaluation results...
2024-02-29 13:57:13,478 - Module(05_01_xgboost_training_feat_import):Line(167) INFO - Loading data from /DATA/Luis/thesis/scanline_classification/data/data_for_training_z_normalization/training/merged/training_data_merged_frac.csv...
2024-02-29 13:57:17,814 - Module(05_01_xgboost_training_feat_import):Line(111) INFO - Splitting the data into features and labels...
2024-02-29 13:57:17,861 - Module(05_01_xgboost_training_feat_import):Line(39) INFO - Setting up XGBoost classifier...
2024-02-29 13:57:17,861 - Module(05_01_xgboost_training_feat_import):Line(49) INFO - Training the model...
2024-02-29 13:57:21,497 - Module(05_01_xgboost_training_feat_import):Line(192) INFO - Training completed. It took 3.64 seconds.
2024-02-29 13:57:21,498 - Module(05_01_xgboost_training_feat_import):Line(57) INFO - Evaluating the model...
2024-02-29 13:57:21,554 - Module(05_01_xgboost_training_feat_import):Line(65) INFO - Accuracy: 0.799
2024-02-29 13:57:21,554 - Module(05_01_xgboost_training_feat_import):Line(66) INFO - F1-score: 0.800
2024-02-29 13:57:21,554 - Module(05_01_xgboost_training_feat_import):Line(198) INFO - Saving the model...
2024-02-29 13:57:21,554 - Module(05_01_xgboost_training_feat_import):Line(204) INFO - Saving the evaluation results...
2024-02-29 13:57:22,711 - Module(05_01_xgboost_training_feat_import):Line(167) INFO - Loading data from /DATA/Luis/thesis/scanline_classification/data/data_for_training_z_normalization/training/merged/training_data_merged_frac.csv...
2024-02-29 13:57:27,110 - Module(05_01_xgboost_training_feat_import):Line(111) INFO - Splitting the data into features and labels...
2024-02-29 13:57:27,159 - Module(05_01_xgboost_training_feat_import):Line(39) INFO - Setting up XGBoost classifier...
2024-02-29 13:57:27,159 - Module(05_01_xgboost_training_feat_import):Line(49) INFO - Training the model...
2024-02-29 13:57:29,606 - Module(05_01_xgboost_training_feat_import):Line(192) INFO - Training completed. It took 2.45 seconds.
2024-02-29 13:57:29,606 - Module(05_01_xgboost_training_feat_import):Line(57) INFO - Evaluating the model...
2024-02-29 13:57:29,661 - Module(05_01_xgboost_training_feat_import):Line(65) INFO - Accuracy: 0.814
2024-02-29 13:57:29,661 - Module(05_01_xgboost_training_feat_import):Line(66) INFO - F1-score: 0.815
2024-02-29 13:57:29,661 - Module(05_01_xgboost_training_feat_import):Line(198) INFO - Saving the model...
2024-02-29 13:57:29,661 - Module(05_01_xgboost_training_feat_import):Line(204) INFO - Saving the evaluation results...
2024-02-29 13:57:30,787 - Module(05_01_xgboost_training_feat_import):Line(167) INFO - Loading data from /DATA/Luis/thesis/scanline_classification/data/data_for_training_z_normalization/training/merged/training_data_merged_frac.csv...
2024-02-29 13:57:35,162 - Module(05_01_xgboost_training_feat_import):Line(111) INFO - Splitting the data into features and labels...
2024-02-29 13:57:35,212 - Module(05_01_xgboost_training_feat_import):Line(39) INFO - Setting up XGBoost classifier...
2024-02-29 13:57:35,212 - Module(05_01_xgboost_training_feat_import):Line(49) INFO - Training the model...
2024-02-29 13:57:39,121 - Module(05_01_xgboost_training_feat_import):Line(192) INFO - Training completed. It took 3.91 seconds.
2024-02-29 13:57:39,122 - Module(05_01_xgboost_training_feat_import):Line(57) INFO - Evaluating the model...
2024-02-29 13:57:39,176 - Module(05_01_xgboost_training_feat_import):Line(65) INFO - Accuracy: 0.816
2024-02-29 13:57:39,176 - Module(05_01_xgboost_training_feat_import):Line(66) INFO - F1-score: 0.816
2024-02-29 13:57:39,176 - Module(05_01_xgboost_training_feat_import):Line(198) INFO - Saving the model...
2024-02-29 13:57:39,176 - Module(05_01_xgboost_training_feat_import):Line(204) INFO - Saving the evaluation results...
2024-02-29 13:57:40,324 - Module(05_01_xgboost_training_feat_import):Line(167) INFO - Loading data from /DATA/Luis/thesis/scanline_classification/data/data_for_training_z_normalization/training/merged/training_data_merged_frac.csv...
2024-02-29 13:57:44,652 - Module(05_01_xgboost_training_feat_import):Line(111) INFO - Splitting the data into features and labels...
2024-02-29 13:57:44,701 - Module(05_01_xgboost_training_feat_import):Line(39) INFO - Setting up XGBoost classifier...
2024-02-29 13:57:44,701 - Module(05_01_xgboost_training_feat_import):Line(49) INFO - Training the model...
2024-02-29 13:57:47,220 - Module(05_01_xgboost_training_feat_import):Line(192) INFO - Training completed. It took 2.52 seconds.
2024-02-29 13:57:47,221 - Module(05_01_xgboost_training_feat_import):Line(57) INFO - Evaluating the model...
2024-02-29 13:57:47,276 - Module(05_01_xgboost_training_feat_import):Line(65) INFO - Accuracy: 0.795
2024-02-29 13:57:47,276 - Module(05_01_xgboost_training_feat_import):Line(66) INFO - F1-score: 0.794
2024-02-29 13:57:47,276 - Module(05_01_xgboost_training_feat_import):Line(198) INFO - Saving the model...
2024-02-29 13:57:47,276 - Module(05_01_xgboost_training_feat_import):Line(204) INFO - Saving the evaluation results...
2024-02-29 13:57:48,414 - Module(05_01_xgboost_training_feat_import):Line(167) INFO - Loading data from /DATA/Luis/thesis/scanline_classification/data/data_for_training_z_normalization/training/merged/training_data_merged_frac.csv...
2024-02-29 13:57:52,649 - Module(05_01_xgboost_training_feat_import):Line(111) INFO - Splitting the data into features and labels...
2024-02-29 13:57:52,699 - Module(05_01_xgboost_training_feat_import):Line(39) INFO - Setting up XGBoost classifier...
2024-02-29 13:57:52,699 - Module(05_01_xgboost_training_feat_import):Line(49) INFO - Training the model...
2024-02-29 13:57:55,126 - Module(05_01_xgboost_training_feat_import):Line(192) INFO - Training completed. It took 2.43 seconds.
2024-02-29 13:57:55,127 - Module(05_01_xgboost_training_feat_import):Line(57) INFO - Evaluating the model...
2024-02-29 13:57:55,183 - Module(05_01_xgboost_training_feat_import):Line(65) INFO - Accuracy: 0.818
2024-02-29 13:57:55,183 - Module(05_01_xgboost_training_feat_import):Line(66) INFO - F1-score: 0.819
2024-02-29 13:57:55,183 - Module(05_01_xgboost_training_feat_import):Line(198) INFO - Saving the model...
2024-02-29 13:57:55,183 - Module(05_01_xgboost_training_feat_import):Line(204) INFO - Saving the evaluation results...
2024-02-29 13:57:56,306 - Module(05_01_xgboost_training_feat_import):Line(167) INFO - Loading data from /DATA/Luis/thesis/scanline_classification/data/data_for_training_z_normalization/training/merged/training_data_merged_frac.csv...
2024-02-29 13:58:00,630 - Module(05_01_xgboost_training_feat_import):Line(111) INFO - Splitting the data into features and labels...
2024-02-29 13:58:00,678 - Module(05_01_xgboost_training_feat_import):Line(39) INFO - Setting up XGBoost classifier...
2024-02-29 13:58:00,679 - Module(05_01_xgboost_training_feat_import):Line(49) INFO - Training the model...
2024-02-29 13:58:02,958 - Module(05_01_xgboost_training_feat_import):Line(192) INFO - Training completed. It took 2.28 seconds.
2024-02-29 13:58:02,958 - Module(05_01_xgboost_training_feat_import):Line(57) INFO - Evaluating the model...
2024-02-29 13:58:03,014 - Module(05_01_xgboost_training_feat_import):Line(65) INFO - Accuracy: 0.802
2024-02-29 13:58:03,014 - Module(05_01_xgboost_training_feat_import):Line(66) INFO - F1-score: 0.803
2024-02-29 13:58:03,014 - Module(05_01_xgboost_training_feat_import):Line(198) INFO - Saving the model...
2024-02-29 13:58:03,014 - Module(05_01_xgboost_training_feat_import):Line(204) INFO - Saving the evaluation results...
2024-02-29 13:58:04,158 - Module(05_01_xgboost_training_feat_import):Line(167) INFO - Loading data from /DATA/Luis/thesis/scanline_classification/data/data_for_training_z_normalization/training/merged/training_data_merged_frac.csv...
2024-02-29 13:58:08,376 - Module(05_01_xgboost_training_feat_import):Line(111) INFO - Splitting the data into features and labels...
2024-02-29 13:58:08,427 - Module(05_01_xgboost_training_feat_import):Line(39) INFO - Setting up XGBoost classifier...
2024-02-29 13:58:08,427 - Module(05_01_xgboost_training_feat_import):Line(49) INFO - Training the model...
2024-02-29 13:58:10,860 - Module(05_01_xgboost_training_feat_import):Line(192) INFO - Training completed. It took 2.43 seconds.
2024-02-29 13:58:10,860 - Module(05_01_xgboost_training_feat_import):Line(57) INFO - Evaluating the model...
2024-02-29 13:58:10,916 - Module(05_01_xgboost_training_feat_import):Line(65) INFO - Accuracy: 0.794
2024-02-29 13:58:10,916 - Module(05_01_xgboost_training_feat_import):Line(66) INFO - F1-score: 0.794
2024-02-29 13:58:10,916 - Module(05_01_xgboost_training_feat_import):Line(198) INFO - Saving the model...
2024-02-29 13:58:10,916 - Module(05_01_xgboost_training_feat_import):Line(204) INFO - Saving the evaluation results...
2024-02-29 13:58:12,052 - Module(05_01_xgboost_training_feat_import):Line(167) INFO - Loading data from /DATA/Luis/thesis/scanline_classification/data/data_for_training_z_normalization/training/merged/training_data_merged_frac.csv...
2024-02-29 13:58:16,301 - Module(05_01_xgboost_training_feat_import):Line(111) INFO - Splitting the data into features and labels...
2024-02-29 13:58:16,345 - Module(05_01_xgboost_training_feat_import):Line(39) INFO - Setting up XGBoost classifier...
2024-02-29 13:58:16,346 - Module(05_01_xgboost_training_feat_import):Line(49) INFO - Training the model...
2024-02-29 13:58:18,614 - Module(05_01_xgboost_training_feat_import):Line(192) INFO - Training completed. It took 2.27 seconds.
2024-02-29 13:58:18,615 - Module(05_01_xgboost_training_feat_import):Line(57) INFO - Evaluating the model...
2024-02-29 13:58:18,690 - Module(05_01_xgboost_training_feat_import):Line(65) INFO - Accuracy: 0.328
2024-02-29 13:58:18,690 - Module(05_01_xgboost_training_feat_import):Line(66) INFO - F1-score: 0.308
2024-02-29 13:58:18,690 - Module(05_01_xgboost_training_feat_import):Line(198) INFO - Saving the model...
2024-02-29 13:58:18,691 - Module(05_01_xgboost_training_feat_import):Line(204) INFO - Saving the evaluation results...
2024-02-29 13:58:19,859 - Module(05_01_xgboost_training_feat_import):Line(167) INFO - Loading data from /DATA/Luis/thesis/scanline_classification/data/data_for_training_z_normalization/training/merged/training_data_merged_frac.csv...
2024-02-29 13:58:24,222 - Module(05_01_xgboost_training_feat_import):Line(111) INFO - Splitting the data into features and labels...
2024-02-29 13:58:24,269 - Module(05_01_xgboost_training_feat_import):Line(39) INFO - Setting up XGBoost classifier...
2024-02-29 13:58:24,269 - Module(05_01_xgboost_training_feat_import):Line(49) INFO - Training the model...
2024-02-29 13:58:26,334 - Module(05_01_xgboost_training_feat_import):Line(192) INFO - Training completed. It took 2.06 seconds.
2024-02-29 13:58:26,335 - Module(05_01_xgboost_training_feat_import):Line(57) INFO - Evaluating the model...
2024-02-29 13:58:26,390 - Module(05_01_xgboost_training_feat_import):Line(65) INFO - Accuracy: 0.324
2024-02-29 13:58:26,391 - Module(05_01_xgboost_training_feat_import):Line(66) INFO - F1-score: 0.302
2024-02-29 13:58:26,391 - Module(05_01_xgboost_training_feat_import):Line(198) INFO - Saving the model...
2024-02-29 13:58:26,391 - Module(05_01_xgboost_training_feat_import):Line(204) INFO - Saving the evaluation results...
2024-02-29 13:58:27,532 - Module(05_01_xgboost_training_feat_import):Line(167) INFO - Loading data from /DATA/Luis/thesis/scanline_classification/data/data_for_training_z_normalization/training/merged/training_data_merged_frac.csv...
2024-02-29 13:58:31,888 - Module(05_01_xgboost_training_feat_import):Line(111) INFO - Splitting the data into features and labels...
2024-02-29 13:58:31,937 - Module(05_01_xgboost_training_feat_import):Line(39) INFO - Setting up XGBoost classifier...
2024-02-29 13:58:31,937 - Module(05_01_xgboost_training_feat_import):Line(49) INFO - Training the model...
2024-02-29 13:58:34,014 - Module(05_01_xgboost_training_feat_import):Line(192) INFO - Training completed. It took 2.08 seconds.
2024-02-29 13:58:34,015 - Module(05_01_xgboost_training_feat_import):Line(57) INFO - Evaluating the model...
2024-02-29 13:58:34,106 - Module(05_01_xgboost_training_feat_import):Line(65) INFO - Accuracy: 0.328
2024-02-29 13:58:34,106 - Module(05_01_xgboost_training_feat_import):Line(66) INFO - F1-score: 0.307
2024-02-29 13:58:34,106 - Module(05_01_xgboost_training_feat_import):Line(198) INFO - Saving the model...
2024-02-29 13:58:34,106 - Module(05_01_xgboost_training_feat_import):Line(204) INFO - Saving the evaluation results...
2024-02-29 13:58:35,250 - Module(05_01_xgboost_training_feat_import):Line(167) INFO - Loading data from /DATA/Luis/thesis/scanline_classification/data/data_for_training_z_normalization/training/merged/training_data_merged_frac.csv...
2024-02-29 13:58:39,495 - Module(05_01_xgboost_training_feat_import):Line(111) INFO - Splitting the data into features and labels...
2024-02-29 13:58:39,541 - Module(05_01_xgboost_training_feat_import):Line(39) INFO - Setting up XGBoost classifier...
2024-02-29 13:58:39,542 - Module(05_01_xgboost_training_feat_import):Line(49) INFO - Training the model...
2024-02-29 13:58:41,595 - Module(05_01_xgboost_training_feat_import):Line(192) INFO - Training completed. It took 2.05 seconds.
2024-02-29 13:58:41,596 - Module(05_01_xgboost_training_feat_import):Line(57) INFO - Evaluating the model...
2024-02-29 13:58:41,673 - Module(05_01_xgboost_training_feat_import):Line(65) INFO - Accuracy: 0.328
2024-02-29 13:58:41,673 - Module(05_01_xgboost_training_feat_import):Line(66) INFO - F1-score: 0.307
2024-02-29 13:58:41,673 - Module(05_01_xgboost_training_feat_import):Line(198) INFO - Saving the model...
2024-02-29 13:58:41,673 - Module(05_01_xgboost_training_feat_import):Line(204) INFO - Saving the evaluation results...
2024-02-29 13:58:42,803 - Module(05_01_xgboost_training_feat_import):Line(167) INFO - Loading data from /DATA/Luis/thesis/scanline_classification/data/data_for_training_z_normalization/training/merged/training_data_merged_frac.csv...
2024-02-29 13:58:47,143 - Module(05_01_xgboost_training_feat_import):Line(111) INFO - Splitting the data into features and labels...
2024-02-29 13:58:47,191 - Module(05_01_xgboost_training_feat_import):Line(39) INFO - Setting up XGBoost classifier...
2024-02-29 13:58:47,192 - Module(05_01_xgboost_training_feat_import):Line(49) INFO - Training the model...
2024-02-29 13:58:49,322 - Module(05_01_xgboost_training_feat_import):Line(192) INFO - Training completed. It took 2.13 seconds.
2024-02-29 13:58:49,322 - Module(05_01_xgboost_training_feat_import):Line(57) INFO - Evaluating the model...
2024-02-29 13:58:49,416 - Module(05_01_xgboost_training_feat_import):Line(65) INFO - Accuracy: 0.333
2024-02-29 13:58:49,416 - Module(05_01_xgboost_training_feat_import):Line(66) INFO - F1-score: 0.317
2024-02-29 13:58:49,416 - Module(05_01_xgboost_training_feat_import):Line(198) INFO - Saving the model...
2024-02-29 13:58:49,416 - Module(05_01_xgboost_training_feat_import):Line(204) INFO - Saving the evaluation results...
2024-02-29 13:58:50,584 - Module(05_01_xgboost_training_feat_import):Line(167) INFO - Loading data from /DATA/Luis/thesis/scanline_classification/data/data_for_training_z_normalization/training/merged/training_data_merged_frac.csv...
2024-02-29 13:58:54,866 - Module(05_01_xgboost_training_feat_import):Line(111) INFO - Splitting the data into features and labels...
2024-02-29 13:58:54,913 - Module(05_01_xgboost_training_feat_import):Line(39) INFO - Setting up XGBoost classifier...
2024-02-29 13:58:54,914 - Module(05_01_xgboost_training_feat_import):Line(49) INFO - Training the model...
2024-02-29 13:58:56,948 - Module(05_01_xgboost_training_feat_import):Line(192) INFO - Training completed. It took 2.03 seconds.
2024-02-29 13:58:56,949 - Module(05_01_xgboost_training_feat_import):Line(57) INFO - Evaluating the model...
2024-02-29 13:58:57,024 - Module(05_01_xgboost_training_feat_import):Line(65) INFO - Accuracy: 0.323
2024-02-29 13:58:57,025 - Module(05_01_xgboost_training_feat_import):Line(66) INFO - F1-score: 0.302
2024-02-29 13:58:57,025 - Module(05_01_xgboost_training_feat_import):Line(198) INFO - Saving the model...
2024-02-29 13:58:57,025 - Module(05_01_xgboost_training_feat_import):Line(204) INFO - Saving the evaluation results...
2024-02-29 13:58:58,173 - Module(05_01_xgboost_training_feat_import):Line(167) INFO - Loading data from /DATA/Luis/thesis/scanline_classification/data/data_for_training_z_normalization/training/merged/training_data_merged_frac.csv...
2024-02-29 13:59:02,411 - Module(05_01_xgboost_training_feat_import):Line(111) INFO - Splitting the data into features and labels...
2024-02-29 13:59:02,457 - Module(05_01_xgboost_training_feat_import):Line(39) INFO - Setting up XGBoost classifier...
2024-02-29 13:59:02,458 - Module(05_01_xgboost_training_feat_import):Line(49) INFO - Training the model...
2024-02-29 13:59:04,540 - Module(05_01_xgboost_training_feat_import):Line(192) INFO - Training completed. It took 2.08 seconds.
2024-02-29 13:59:04,540 - Module(05_01_xgboost_training_feat_import):Line(57) INFO - Evaluating the model...
2024-02-29 13:59:04,615 - Module(05_01_xgboost_training_feat_import):Line(65) INFO - Accuracy: 0.328
2024-02-29 13:59:04,616 - Module(05_01_xgboost_training_feat_import):Line(66) INFO - F1-score: 0.307
2024-02-29 13:59:04,616 - Module(05_01_xgboost_training_feat_import):Line(198) INFO - Saving the model...
2024-02-29 13:59:04,616 - Module(05_01_xgboost_training_feat_import):Line(204) INFO - Saving the evaluation results...
2024-02-29 13:59:05,747 - Module(05_01_xgboost_training_feat_import):Line(167) INFO - Loading data from /DATA/Luis/thesis/scanline_classification/data/data_for_training_z_normalization/training/merged/training_data_merged_frac.csv...
2024-02-29 13:59:09,984 - Module(05_01_xgboost_training_feat_import):Line(111) INFO - Splitting the data into features and labels...
2024-02-29 13:59:10,031 - Module(05_01_xgboost_training_feat_import):Line(39) INFO - Setting up XGBoost classifier...
2024-02-29 13:59:10,031 - Module(05_01_xgboost_training_feat_import):Line(49) INFO - Training the model...
2024-02-29 13:59:12,305 - Module(05_01_xgboost_training_feat_import):Line(192) INFO - Training completed. It took 2.27 seconds.
2024-02-29 13:59:12,306 - Module(05_01_xgboost_training_feat_import):Line(57) INFO - Evaluating the model...
2024-02-29 13:59:12,386 - Module(05_01_xgboost_training_feat_import):Line(65) INFO - Accuracy: 0.314
2024-02-29 13:59:12,386 - Module(05_01_xgboost_training_feat_import):Line(66) INFO - F1-score: 0.293
2024-02-29 13:59:12,386 - Module(05_01_xgboost_training_feat_import):Line(198) INFO - Saving the model...
2024-02-29 13:59:12,386 - Module(05_01_xgboost_training_feat_import):Line(204) INFO - Saving the evaluation results...
