2024-02-29 14:25:21,939 - Module(05_01_xgboost_training_feat_import):Line(210) INFO - Loading data from /DATA/Luis/thesis/scanline_classification/data/data_for_training_z_normalization/training/merged/training_data_merged_frac.csv...
2024-02-29 14:25:26,521 - Module(05_01_xgboost_training_feat_import):Line(158) INFO - Splitting the data into features and labels...
2024-02-29 14:25:26,563 - Module(05_01_xgboost_training_feat_import):Line(39) INFO - Setting up XGBoost classifier...
2024-02-29 14:25:26,563 - Module(05_01_xgboost_training_feat_import):Line(49) INFO - Training the model...
2024-02-29 14:25:32,941 - Module(05_01_xgboost_training_feat_import):Line(242) INFO - Training completed. It took 6.38 seconds.
2024-02-29 14:25:32,941 - Module(05_01_xgboost_training_feat_import):Line(57) INFO - Evaluating the model...
2024-02-29 14:25:33,015 - Module(05_01_xgboost_training_feat_import):Line(65) INFO - Accuracy: 0.835
2024-02-29 14:25:33,015 - Module(05_01_xgboost_training_feat_import):Line(66) INFO - F1-score: 0.835
2024-02-29 14:25:33,015 - Module(05_01_xgboost_training_feat_import):Line(248) INFO - Saving the model...
2024-02-29 14:25:33,015 - Module(05_01_xgboost_training_feat_import):Line(254) INFO - Saving the evaluation results...
2024-02-29 14:25:34,162 - Module(05_01_xgboost_training_feat_import):Line(210) INFO - Loading data from /DATA/Luis/thesis/scanline_classification/data/data_for_training_z_normalization/training/merged/training_data_merged_frac.csv...
2024-02-29 14:25:38,613 - Module(05_01_xgboost_training_feat_import):Line(158) INFO - Splitting the data into features and labels...
2024-02-29 14:25:38,687 - Module(05_01_xgboost_training_feat_import):Line(39) INFO - Setting up XGBoost classifier...
2024-02-29 14:25:38,688 - Module(05_01_xgboost_training_feat_import):Line(49) INFO - Training the model...
2024-02-29 14:25:44,819 - Module(05_01_xgboost_training_feat_import):Line(242) INFO - Training completed. It took 6.13 seconds.
2024-02-29 14:25:44,820 - Module(05_01_xgboost_training_feat_import):Line(57) INFO - Evaluating the model...
2024-02-29 14:25:44,890 - Module(05_01_xgboost_training_feat_import):Line(65) INFO - Accuracy: 0.835
2024-02-29 14:25:44,890 - Module(05_01_xgboost_training_feat_import):Line(66) INFO - F1-score: 0.836
2024-02-29 14:25:44,890 - Module(05_01_xgboost_training_feat_import):Line(248) INFO - Saving the model...
2024-02-29 14:25:44,890 - Module(05_01_xgboost_training_feat_import):Line(254) INFO - Saving the evaluation results...
2024-02-29 14:25:46,023 - Module(05_01_xgboost_training_feat_import):Line(210) INFO - Loading data from /DATA/Luis/thesis/scanline_classification/data/data_for_training_z_normalization/training/merged/training_data_merged_frac.csv...
2024-02-29 14:25:50,393 - Module(05_01_xgboost_training_feat_import):Line(158) INFO - Splitting the data into features and labels...
2024-02-29 14:25:50,472 - Module(05_01_xgboost_training_feat_import):Line(39) INFO - Setting up XGBoost classifier...
2024-02-29 14:25:50,472 - Module(05_01_xgboost_training_feat_import):Line(49) INFO - Training the model...
2024-02-29 14:25:56,475 - Module(05_01_xgboost_training_feat_import):Line(242) INFO - Training completed. It took 6.00 seconds.
2024-02-29 14:25:56,475 - Module(05_01_xgboost_training_feat_import):Line(57) INFO - Evaluating the model...
2024-02-29 14:25:56,560 - Module(05_01_xgboost_training_feat_import):Line(65) INFO - Accuracy: 0.835
2024-02-29 14:25:56,560 - Module(05_01_xgboost_training_feat_import):Line(66) INFO - F1-score: 0.836
2024-02-29 14:25:56,560 - Module(05_01_xgboost_training_feat_import):Line(248) INFO - Saving the model...
2024-02-29 14:25:56,560 - Module(05_01_xgboost_training_feat_import):Line(254) INFO - Saving the evaluation results...
2024-02-29 14:25:57,695 - Module(05_01_xgboost_training_feat_import):Line(210) INFO - Loading data from /DATA/Luis/thesis/scanline_classification/data/data_for_training_z_normalization/training/merged/training_data_merged_frac.csv...
2024-02-29 14:26:02,067 - Module(05_01_xgboost_training_feat_import):Line(158) INFO - Splitting the data into features and labels...
2024-02-29 14:26:02,142 - Module(05_01_xgboost_training_feat_import):Line(39) INFO - Setting up XGBoost classifier...
2024-02-29 14:26:02,142 - Module(05_01_xgboost_training_feat_import):Line(49) INFO - Training the model...
2024-02-29 14:26:08,065 - Module(05_01_xgboost_training_feat_import):Line(242) INFO - Training completed. It took 5.92 seconds.
2024-02-29 14:26:08,066 - Module(05_01_xgboost_training_feat_import):Line(57) INFO - Evaluating the model...
2024-02-29 14:26:08,136 - Module(05_01_xgboost_training_feat_import):Line(65) INFO - Accuracy: 0.834
2024-02-29 14:26:08,136 - Module(05_01_xgboost_training_feat_import):Line(66) INFO - F1-score: 0.834
2024-02-29 14:26:08,137 - Module(05_01_xgboost_training_feat_import):Line(248) INFO - Saving the model...
2024-02-29 14:26:08,137 - Module(05_01_xgboost_training_feat_import):Line(254) INFO - Saving the evaluation results...
2024-02-29 14:26:09,294 - Module(05_01_xgboost_training_feat_import):Line(210) INFO - Loading data from /DATA/Luis/thesis/scanline_classification/data/data_for_training_z_normalization/training/merged/training_data_merged_frac.csv...
2024-02-29 14:26:13,694 - Module(05_01_xgboost_training_feat_import):Line(158) INFO - Splitting the data into features and labels...
2024-02-29 14:26:13,775 - Module(05_01_xgboost_training_feat_import):Line(39) INFO - Setting up XGBoost classifier...
2024-02-29 14:26:13,776 - Module(05_01_xgboost_training_feat_import):Line(49) INFO - Training the model...
2024-02-29 14:26:19,692 - Module(05_01_xgboost_training_feat_import):Line(242) INFO - Training completed. It took 5.92 seconds.
2024-02-29 14:26:19,693 - Module(05_01_xgboost_training_feat_import):Line(57) INFO - Evaluating the model...
2024-02-29 14:26:19,761 - Module(05_01_xgboost_training_feat_import):Line(65) INFO - Accuracy: 0.834
2024-02-29 14:26:19,762 - Module(05_01_xgboost_training_feat_import):Line(66) INFO - F1-score: 0.835
2024-02-29 14:26:19,762 - Module(05_01_xgboost_training_feat_import):Line(248) INFO - Saving the model...
2024-02-29 14:26:19,762 - Module(05_01_xgboost_training_feat_import):Line(254) INFO - Saving the evaluation results...
2024-02-29 14:26:20,907 - Module(05_01_xgboost_training_feat_import):Line(210) INFO - Loading data from /DATA/Luis/thesis/scanline_classification/data/data_for_training_z_normalization/training/merged/training_data_merged_frac.csv...
2024-02-29 14:26:25,304 - Module(05_01_xgboost_training_feat_import):Line(158) INFO - Splitting the data into features and labels...
2024-02-29 14:26:25,384 - Module(05_01_xgboost_training_feat_import):Line(39) INFO - Setting up XGBoost classifier...
2024-02-29 14:26:25,384 - Module(05_01_xgboost_training_feat_import):Line(49) INFO - Training the model...
2024-02-29 14:26:31,421 - Module(05_01_xgboost_training_feat_import):Line(242) INFO - Training completed. It took 6.04 seconds.
2024-02-29 14:26:31,421 - Module(05_01_xgboost_training_feat_import):Line(57) INFO - Evaluating the model...
2024-02-29 14:26:31,503 - Module(05_01_xgboost_training_feat_import):Line(65) INFO - Accuracy: 0.832
2024-02-29 14:26:31,504 - Module(05_01_xgboost_training_feat_import):Line(66) INFO - F1-score: 0.833
2024-02-29 14:26:31,504 - Module(05_01_xgboost_training_feat_import):Line(248) INFO - Saving the model...
2024-02-29 14:26:31,504 - Module(05_01_xgboost_training_feat_import):Line(254) INFO - Saving the evaluation results...
2024-02-29 14:26:32,633 - Module(05_01_xgboost_training_feat_import):Line(210) INFO - Loading data from /DATA/Luis/thesis/scanline_classification/data/data_for_training_z_normalization/training/merged/training_data_merged_frac.csv...
2024-02-29 14:26:37,051 - Module(05_01_xgboost_training_feat_import):Line(158) INFO - Splitting the data into features and labels...
2024-02-29 14:26:37,131 - Module(05_01_xgboost_training_feat_import):Line(39) INFO - Setting up XGBoost classifier...
2024-02-29 14:26:37,132 - Module(05_01_xgboost_training_feat_import):Line(49) INFO - Training the model...
2024-02-29 14:26:43,050 - Module(05_01_xgboost_training_feat_import):Line(242) INFO - Training completed. It took 5.92 seconds.
2024-02-29 14:26:43,051 - Module(05_01_xgboost_training_feat_import):Line(57) INFO - Evaluating the model...
2024-02-29 14:26:43,121 - Module(05_01_xgboost_training_feat_import):Line(65) INFO - Accuracy: 0.836
2024-02-29 14:26:43,121 - Module(05_01_xgboost_training_feat_import):Line(66) INFO - F1-score: 0.837
2024-02-29 14:26:43,121 - Module(05_01_xgboost_training_feat_import):Line(248) INFO - Saving the model...
2024-02-29 14:26:43,121 - Module(05_01_xgboost_training_feat_import):Line(254) INFO - Saving the evaluation results...
2024-02-29 14:26:44,254 - Module(05_01_xgboost_training_feat_import):Line(210) INFO - Loading data from /DATA/Luis/thesis/scanline_classification/data/data_for_training_z_normalization/training/merged/training_data_merged_frac.csv...
2024-02-29 14:26:48,760 - Module(05_01_xgboost_training_feat_import):Line(158) INFO - Splitting the data into features and labels...
2024-02-29 14:26:48,838 - Module(05_01_xgboost_training_feat_import):Line(39) INFO - Setting up XGBoost classifier...
2024-02-29 14:26:48,839 - Module(05_01_xgboost_training_feat_import):Line(49) INFO - Training the model...
2024-02-29 14:26:54,856 - Module(05_01_xgboost_training_feat_import):Line(242) INFO - Training completed. It took 6.02 seconds.
2024-02-29 14:26:54,857 - Module(05_01_xgboost_training_feat_import):Line(57) INFO - Evaluating the model...
2024-02-29 14:26:54,927 - Module(05_01_xgboost_training_feat_import):Line(65) INFO - Accuracy: 0.836
2024-02-29 14:26:54,927 - Module(05_01_xgboost_training_feat_import):Line(66) INFO - F1-score: 0.836
2024-02-29 14:26:54,927 - Module(05_01_xgboost_training_feat_import):Line(248) INFO - Saving the model...
2024-02-29 14:26:54,927 - Module(05_01_xgboost_training_feat_import):Line(254) INFO - Saving the evaluation results...
2024-02-29 14:26:56,049 - Module(05_01_xgboost_training_feat_import):Line(210) INFO - Loading data from /DATA/Luis/thesis/scanline_classification/data/data_for_training_z_normalization/training/merged/training_data_merged_frac.csv...
2024-02-29 14:27:00,435 - Module(05_01_xgboost_training_feat_import):Line(158) INFO - Splitting the data into features and labels...
2024-02-29 14:27:00,511 - Module(05_01_xgboost_training_feat_import):Line(39) INFO - Setting up XGBoost classifier...
2024-02-29 14:27:00,512 - Module(05_01_xgboost_training_feat_import):Line(49) INFO - Training the model...
2024-02-29 14:27:06,644 - Module(05_01_xgboost_training_feat_import):Line(242) INFO - Training completed. It took 6.13 seconds.
2024-02-29 14:27:06,645 - Module(05_01_xgboost_training_feat_import):Line(57) INFO - Evaluating the model...
2024-02-29 14:27:06,714 - Module(05_01_xgboost_training_feat_import):Line(65) INFO - Accuracy: 0.832
2024-02-29 14:27:06,714 - Module(05_01_xgboost_training_feat_import):Line(66) INFO - F1-score: 0.833
2024-02-29 14:27:06,714 - Module(05_01_xgboost_training_feat_import):Line(248) INFO - Saving the model...
2024-02-29 14:27:06,714 - Module(05_01_xgboost_training_feat_import):Line(254) INFO - Saving the evaluation results...
2024-02-29 14:31:48,902 - Module(05_01_xgboost_training_feat_import):Line(210) INFO - Loading data from /DATA/Luis/thesis/scanline_classification/data/data_for_training_z_normalization/training/merged/training_data_merged_frac.csv...
2024-02-29 14:31:53,362 - Module(05_01_xgboost_training_feat_import):Line(158) INFO - Splitting the data into features and labels...
2024-02-29 14:31:53,402 - Module(05_01_xgboost_training_feat_import):Line(39) INFO - Setting up XGBoost classifier...
2024-02-29 14:31:53,403 - Module(05_01_xgboost_training_feat_import):Line(49) INFO - Training the model...
2024-02-29 14:32:00,015 - Module(05_01_xgboost_training_feat_import):Line(242) INFO - Training completed. It took 6.61 seconds.
2024-02-29 14:32:00,016 - Module(05_01_xgboost_training_feat_import):Line(57) INFO - Evaluating the model...
2024-02-29 14:32:00,087 - Module(05_01_xgboost_training_feat_import):Line(65) INFO - Accuracy: 0.835
2024-02-29 14:32:00,087 - Module(05_01_xgboost_training_feat_import):Line(66) INFO - F1-score: 0.835
2024-02-29 14:32:00,087 - Module(05_01_xgboost_training_feat_import):Line(248) INFO - Saving the model...
2024-02-29 14:32:00,087 - Module(05_01_xgboost_training_feat_import):Line(254) INFO - Saving the evaluation results...
2024-02-29 14:32:01,229 - Module(05_01_xgboost_training_feat_import):Line(210) INFO - Loading data from /DATA/Luis/thesis/scanline_classification/data/data_for_training_z_normalization/training/merged/training_data_merged_frac.csv...
2024-02-29 14:32:05,616 - Module(05_01_xgboost_training_feat_import):Line(158) INFO - Splitting the data into features and labels...
2024-02-29 14:32:05,691 - Module(05_01_xgboost_training_feat_import):Line(39) INFO - Setting up XGBoost classifier...
2024-02-29 14:32:05,692 - Module(05_01_xgboost_training_feat_import):Line(49) INFO - Training the model...
2024-02-29 14:32:12,630 - Module(05_01_xgboost_training_feat_import):Line(242) INFO - Training completed. It took 6.94 seconds.
2024-02-29 14:32:12,631 - Module(05_01_xgboost_training_feat_import):Line(57) INFO - Evaluating the model...
2024-02-29 14:32:12,701 - Module(05_01_xgboost_training_feat_import):Line(65) INFO - Accuracy: 0.836
2024-02-29 14:32:12,701 - Module(05_01_xgboost_training_feat_import):Line(66) INFO - F1-score: 0.836
2024-02-29 14:32:12,702 - Module(05_01_xgboost_training_feat_import):Line(248) INFO - Saving the model...
2024-02-29 14:32:12,702 - Module(05_01_xgboost_training_feat_import):Line(254) INFO - Saving the evaluation results...
2024-02-29 14:32:13,848 - Module(05_01_xgboost_training_feat_import):Line(210) INFO - Loading data from /DATA/Luis/thesis/scanline_classification/data/data_for_training_z_normalization/training/merged/training_data_merged_frac.csv...
2024-02-29 14:32:18,388 - Module(05_01_xgboost_training_feat_import):Line(158) INFO - Splitting the data into features and labels...
2024-02-29 14:32:18,464 - Module(05_01_xgboost_training_feat_import):Line(39) INFO - Setting up XGBoost classifier...
2024-02-29 14:32:18,465 - Module(05_01_xgboost_training_feat_import):Line(49) INFO - Training the model...
2024-02-29 14:32:25,603 - Module(05_01_xgboost_training_feat_import):Line(242) INFO - Training completed. It took 7.14 seconds.
2024-02-29 14:32:25,604 - Module(05_01_xgboost_training_feat_import):Line(57) INFO - Evaluating the model...
2024-02-29 14:32:25,709 - Module(05_01_xgboost_training_feat_import):Line(65) INFO - Accuracy: 0.835
2024-02-29 14:32:25,709 - Module(05_01_xgboost_training_feat_import):Line(66) INFO - F1-score: 0.836
2024-02-29 14:32:25,710 - Module(05_01_xgboost_training_feat_import):Line(248) INFO - Saving the model...
2024-02-29 14:32:25,710 - Module(05_01_xgboost_training_feat_import):Line(254) INFO - Saving the evaluation results...
2024-02-29 14:32:26,861 - Module(05_01_xgboost_training_feat_import):Line(210) INFO - Loading data from /DATA/Luis/thesis/scanline_classification/data/data_for_training_z_normalization/training/merged/training_data_merged_frac.csv...
2024-02-29 14:32:31,301 - Module(05_01_xgboost_training_feat_import):Line(158) INFO - Splitting the data into features and labels...
2024-02-29 14:32:31,378 - Module(05_01_xgboost_training_feat_import):Line(39) INFO - Setting up XGBoost classifier...
2024-02-29 14:32:31,379 - Module(05_01_xgboost_training_feat_import):Line(49) INFO - Training the model...
2024-02-29 14:32:37,365 - Module(05_01_xgboost_training_feat_import):Line(242) INFO - Training completed. It took 5.99 seconds.
2024-02-29 14:32:37,366 - Module(05_01_xgboost_training_feat_import):Line(57) INFO - Evaluating the model...
2024-02-29 14:32:37,435 - Module(05_01_xgboost_training_feat_import):Line(65) INFO - Accuracy: 0.835
2024-02-29 14:32:37,435 - Module(05_01_xgboost_training_feat_import):Line(66) INFO - F1-score: 0.836
2024-02-29 14:32:37,435 - Module(05_01_xgboost_training_feat_import):Line(248) INFO - Saving the model...
2024-02-29 14:32:37,435 - Module(05_01_xgboost_training_feat_import):Line(254) INFO - Saving the evaluation results...
2024-02-29 14:32:38,578 - Module(05_01_xgboost_training_feat_import):Line(210) INFO - Loading data from /DATA/Luis/thesis/scanline_classification/data/data_for_training_z_normalization/training/merged/training_data_merged_frac.csv...
2024-02-29 14:32:43,076 - Module(05_01_xgboost_training_feat_import):Line(158) INFO - Splitting the data into features and labels...
2024-02-29 14:32:43,156 - Module(05_01_xgboost_training_feat_import):Line(39) INFO - Setting up XGBoost classifier...
2024-02-29 14:32:43,157 - Module(05_01_xgboost_training_feat_import):Line(49) INFO - Training the model...
2024-02-29 14:32:49,124 - Module(05_01_xgboost_training_feat_import):Line(242) INFO - Training completed. It took 5.97 seconds.
2024-02-29 14:32:49,125 - Module(05_01_xgboost_training_feat_import):Line(57) INFO - Evaluating the model...
2024-02-29 14:32:49,196 - Module(05_01_xgboost_training_feat_import):Line(65) INFO - Accuracy: 0.834
2024-02-29 14:32:49,196 - Module(05_01_xgboost_training_feat_import):Line(66) INFO - F1-score: 0.834
2024-02-29 14:32:49,196 - Module(05_01_xgboost_training_feat_import):Line(248) INFO - Saving the model...
2024-02-29 14:32:49,196 - Module(05_01_xgboost_training_feat_import):Line(254) INFO - Saving the evaluation results...
2024-02-29 14:32:50,342 - Module(05_01_xgboost_training_feat_import):Line(210) INFO - Loading data from /DATA/Luis/thesis/scanline_classification/data/data_for_training_z_normalization/training/merged/training_data_merged_frac.csv...
2024-02-29 14:32:54,841 - Module(05_01_xgboost_training_feat_import):Line(158) INFO - Splitting the data into features and labels...
2024-02-29 14:32:54,925 - Module(05_01_xgboost_training_feat_import):Line(39) INFO - Setting up XGBoost classifier...
2024-02-29 14:32:54,926 - Module(05_01_xgboost_training_feat_import):Line(49) INFO - Training the model...
2024-02-29 14:33:00,812 - Module(05_01_xgboost_training_feat_import):Line(242) INFO - Training completed. It took 5.89 seconds.
2024-02-29 14:33:00,813 - Module(05_01_xgboost_training_feat_import):Line(57) INFO - Evaluating the model...
2024-02-29 14:33:00,884 - Module(05_01_xgboost_training_feat_import):Line(65) INFO - Accuracy: 0.834
2024-02-29 14:33:00,884 - Module(05_01_xgboost_training_feat_import):Line(66) INFO - F1-score: 0.835
2024-02-29 14:33:00,884 - Module(05_01_xgboost_training_feat_import):Line(248) INFO - Saving the model...
2024-02-29 14:33:00,884 - Module(05_01_xgboost_training_feat_import):Line(254) INFO - Saving the evaluation results...
2024-02-29 14:33:02,036 - Module(05_01_xgboost_training_feat_import):Line(210) INFO - Loading data from /DATA/Luis/thesis/scanline_classification/data/data_for_training_z_normalization/training/merged/training_data_merged_frac.csv...
2024-02-29 14:33:06,442 - Module(05_01_xgboost_training_feat_import):Line(158) INFO - Splitting the data into features and labels...
2024-02-29 14:33:06,517 - Module(05_01_xgboost_training_feat_import):Line(39) INFO - Setting up XGBoost classifier...
2024-02-29 14:33:06,517 - Module(05_01_xgboost_training_feat_import):Line(49) INFO - Training the model...
2024-02-29 14:33:12,460 - Module(05_01_xgboost_training_feat_import):Line(242) INFO - Training completed. It took 5.94 seconds.
2024-02-29 14:33:12,460 - Module(05_01_xgboost_training_feat_import):Line(57) INFO - Evaluating the model...
2024-02-29 14:33:12,538 - Module(05_01_xgboost_training_feat_import):Line(65) INFO - Accuracy: 0.832
2024-02-29 14:33:12,539 - Module(05_01_xgboost_training_feat_import):Line(66) INFO - F1-score: 0.833
2024-02-29 14:33:12,539 - Module(05_01_xgboost_training_feat_import):Line(248) INFO - Saving the model...
2024-02-29 14:33:12,539 - Module(05_01_xgboost_training_feat_import):Line(254) INFO - Saving the evaluation results...
2024-02-29 14:33:13,700 - Module(05_01_xgboost_training_feat_import):Line(210) INFO - Loading data from /DATA/Luis/thesis/scanline_classification/data/data_for_training_z_normalization/training/merged/training_data_merged_frac.csv...
2024-02-29 14:33:18,164 - Module(05_01_xgboost_training_feat_import):Line(158) INFO - Splitting the data into features and labels...
2024-02-29 14:33:18,248 - Module(05_01_xgboost_training_feat_import):Line(39) INFO - Setting up XGBoost classifier...
2024-02-29 14:33:18,248 - Module(05_01_xgboost_training_feat_import):Line(49) INFO - Training the model...
2024-02-29 14:33:24,151 - Module(05_01_xgboost_training_feat_import):Line(242) INFO - Training completed. It took 5.90 seconds.
2024-02-29 14:33:24,152 - Module(05_01_xgboost_training_feat_import):Line(57) INFO - Evaluating the model...
2024-02-29 14:33:24,222 - Module(05_01_xgboost_training_feat_import):Line(65) INFO - Accuracy: 0.836
2024-02-29 14:33:24,222 - Module(05_01_xgboost_training_feat_import):Line(66) INFO - F1-score: 0.837
2024-02-29 14:33:24,222 - Module(05_01_xgboost_training_feat_import):Line(248) INFO - Saving the model...
2024-02-29 14:33:24,223 - Module(05_01_xgboost_training_feat_import):Line(254) INFO - Saving the evaluation results...
2024-02-29 14:33:25,385 - Module(05_01_xgboost_training_feat_import):Line(210) INFO - Loading data from /DATA/Luis/thesis/scanline_classification/data/data_for_training_z_normalization/training/merged/training_data_merged_frac.csv...
2024-02-29 14:33:29,905 - Module(05_01_xgboost_training_feat_import):Line(158) INFO - Splitting the data into features and labels...
2024-02-29 14:33:29,987 - Module(05_01_xgboost_training_feat_import):Line(39) INFO - Setting up XGBoost classifier...
2024-02-29 14:33:29,987 - Module(05_01_xgboost_training_feat_import):Line(49) INFO - Training the model...
2024-02-29 14:33:35,860 - Module(05_01_xgboost_training_feat_import):Line(242) INFO - Training completed. It took 5.87 seconds.
2024-02-29 14:33:35,860 - Module(05_01_xgboost_training_feat_import):Line(57) INFO - Evaluating the model...
2024-02-29 14:33:35,929 - Module(05_01_xgboost_training_feat_import):Line(65) INFO - Accuracy: 0.836
2024-02-29 14:33:35,929 - Module(05_01_xgboost_training_feat_import):Line(66) INFO - F1-score: 0.836
2024-02-29 14:33:35,930 - Module(05_01_xgboost_training_feat_import):Line(248) INFO - Saving the model...
2024-02-29 14:33:35,930 - Module(05_01_xgboost_training_feat_import):Line(254) INFO - Saving the evaluation results...
2024-02-29 14:33:37,106 - Module(05_01_xgboost_training_feat_import):Line(210) INFO - Loading data from /DATA/Luis/thesis/scanline_classification/data/data_for_training_z_normalization/training/merged/training_data_merged_frac.csv...
2024-02-29 14:33:41,498 - Module(05_01_xgboost_training_feat_import):Line(158) INFO - Splitting the data into features and labels...
2024-02-29 14:33:41,576 - Module(05_01_xgboost_training_feat_import):Line(39) INFO - Setting up XGBoost classifier...
2024-02-29 14:33:41,577 - Module(05_01_xgboost_training_feat_import):Line(49) INFO - Training the model...
2024-02-29 14:33:47,689 - Module(05_01_xgboost_training_feat_import):Line(242) INFO - Training completed. It took 6.11 seconds.
2024-02-29 14:33:47,690 - Module(05_01_xgboost_training_feat_import):Line(57) INFO - Evaluating the model...
2024-02-29 14:33:47,759 - Module(05_01_xgboost_training_feat_import):Line(65) INFO - Accuracy: 0.832
2024-02-29 14:33:47,759 - Module(05_01_xgboost_training_feat_import):Line(66) INFO - F1-score: 0.833
2024-02-29 14:33:47,759 - Module(05_01_xgboost_training_feat_import):Line(248) INFO - Saving the model...
2024-02-29 14:33:47,759 - Module(05_01_xgboost_training_feat_import):Line(254) INFO - Saving the evaluation results...
2024-02-29 14:49:56,730 - Module(05_01_xgboost_training_feat_import):Line(218) INFO - Loading data from /DATA/Luis/thesis/scanline_classification/data/data_for_training_z_normalization/training/merged/training_data_merged_frac.csv...
2024-02-29 14:50:01,189 - Module(05_01_xgboost_training_feat_import):Line(158) INFO - Splitting the data into features and labels...
2024-02-29 14:50:02,422 - Module(05_01_xgboost_training_feat_import):Line(218) INFO - Loading data from /DATA/Luis/thesis/scanline_classification/data/data_for_training_z_normalization/training/merged/training_data_merged_frac.csv...
2024-02-29 14:55:29,483 - Module(05_01_xgboost_training_feat_import):Line(230) INFO - Loading data from /DATA/Luis/thesis/scanline_classification/data/data_for_training_z_normalization/training/merged/training_data_merged_frac.csv...
2024-02-29 14:55:33,992 - Module(05_01_xgboost_training_feat_import):Line(158) INFO - Splitting the data into features and labels...
2024-02-29 14:55:35,200 - Module(05_01_xgboost_training_feat_import):Line(230) INFO - Loading data from /DATA/Luis/thesis/scanline_classification/data/data_for_training_z_normalization/training/merged/training_data_merged_frac.csv...
2024-02-29 14:59:52,129 - Module(05_01_xgboost_training_feat_import):Line(209) INFO - Loading data from /DATA/Luis/thesis/scanline_classification/data/data_for_training_z_normalization/training/merged/training_data_merged_frac.csv...
2024-02-29 14:59:56,557 - Module(05_01_xgboost_training_feat_import):Line(158) INFO - Splitting the data into features and labels...
2024-02-29 14:59:56,596 - Module(05_01_xgboost_training_feat_import):Line(39) INFO - Setting up XGBoost classifier...
2024-02-29 14:59:56,597 - Module(05_01_xgboost_training_feat_import):Line(49) INFO - Training the model...
2024-02-29 15:00:03,040 - Module(05_01_xgboost_training_feat_import):Line(241) INFO - Training completed. It took 6.44 seconds.
2024-02-29 15:00:03,041 - Module(05_01_xgboost_training_feat_import):Line(57) INFO - Evaluating the model...
2024-02-29 15:00:03,113 - Module(05_01_xgboost_training_feat_import):Line(65) INFO - Accuracy: 0.835
2024-02-29 15:00:03,113 - Module(05_01_xgboost_training_feat_import):Line(66) INFO - F1-score: 0.835
2024-02-29 15:00:03,114 - Module(05_01_xgboost_training_feat_import):Line(247) INFO - Saving the model...
2024-02-29 15:00:03,114 - Module(05_01_xgboost_training_feat_import):Line(253) INFO - Saving the evaluation results...
2024-02-29 15:00:04,252 - Module(05_01_xgboost_training_feat_import):Line(209) INFO - Loading data from /DATA/Luis/thesis/scanline_classification/data/data_for_training_z_normalization/training/merged/training_data_merged_frac.csv...
2024-02-29 15:00:08,665 - Module(05_01_xgboost_training_feat_import):Line(158) INFO - Splitting the data into features and labels...
2024-02-29 15:00:08,739 - Module(05_01_xgboost_training_feat_import):Line(39) INFO - Setting up XGBoost classifier...
2024-02-29 15:00:08,739 - Module(05_01_xgboost_training_feat_import):Line(49) INFO - Training the model...
2024-02-29 15:00:14,647 - Module(05_01_xgboost_training_feat_import):Line(241) INFO - Training completed. It took 5.91 seconds.
2024-02-29 15:00:14,648 - Module(05_01_xgboost_training_feat_import):Line(57) INFO - Evaluating the model...
2024-02-29 15:00:14,718 - Module(05_01_xgboost_training_feat_import):Line(65) INFO - Accuracy: 0.836
2024-02-29 15:00:14,718 - Module(05_01_xgboost_training_feat_import):Line(66) INFO - F1-score: 0.836
2024-02-29 15:00:14,718 - Module(05_01_xgboost_training_feat_import):Line(247) INFO - Saving the model...
2024-02-29 15:00:14,718 - Module(05_01_xgboost_training_feat_import):Line(253) INFO - Saving the evaluation results...
2024-02-29 15:00:15,861 - Module(05_01_xgboost_training_feat_import):Line(209) INFO - Loading data from /DATA/Luis/thesis/scanline_classification/data/data_for_training_z_normalization/training/merged/training_data_merged_frac.csv...
2024-02-29 15:00:20,231 - Module(05_01_xgboost_training_feat_import):Line(158) INFO - Splitting the data into features and labels...
2024-02-29 15:00:20,309 - Module(05_01_xgboost_training_feat_import):Line(39) INFO - Setting up XGBoost classifier...
2024-02-29 15:00:20,309 - Module(05_01_xgboost_training_feat_import):Line(49) INFO - Training the model...
2024-02-29 15:00:26,334 - Module(05_01_xgboost_training_feat_import):Line(241) INFO - Training completed. It took 6.03 seconds.
2024-02-29 15:00:26,335 - Module(05_01_xgboost_training_feat_import):Line(57) INFO - Evaluating the model...
2024-02-29 15:00:26,405 - Module(05_01_xgboost_training_feat_import):Line(65) INFO - Accuracy: 0.835
2024-02-29 15:00:26,406 - Module(05_01_xgboost_training_feat_import):Line(66) INFO - F1-score: 0.836
2024-02-29 15:00:26,406 - Module(05_01_xgboost_training_feat_import):Line(247) INFO - Saving the model...
2024-02-29 15:00:26,406 - Module(05_01_xgboost_training_feat_import):Line(253) INFO - Saving the evaluation results...
2024-02-29 15:00:27,566 - Module(05_01_xgboost_training_feat_import):Line(209) INFO - Loading data from /DATA/Luis/thesis/scanline_classification/data/data_for_training_z_normalization/training/merged/training_data_merged_frac.csv...
2024-02-29 15:00:31,985 - Module(05_01_xgboost_training_feat_import):Line(158) INFO - Splitting the data into features and labels...
2024-02-29 15:00:32,064 - Module(05_01_xgboost_training_feat_import):Line(39) INFO - Setting up XGBoost classifier...
2024-02-29 15:00:32,064 - Module(05_01_xgboost_training_feat_import):Line(49) INFO - Training the model...
2024-02-29 15:00:38,130 - Module(05_01_xgboost_training_feat_import):Line(241) INFO - Training completed. It took 6.07 seconds.
2024-02-29 15:00:38,130 - Module(05_01_xgboost_training_feat_import):Line(57) INFO - Evaluating the model...
2024-02-29 15:00:38,200 - Module(05_01_xgboost_training_feat_import):Line(65) INFO - Accuracy: 0.835
2024-02-29 15:00:38,200 - Module(05_01_xgboost_training_feat_import):Line(66) INFO - F1-score: 0.836
2024-02-29 15:00:38,200 - Module(05_01_xgboost_training_feat_import):Line(247) INFO - Saving the model...
2024-02-29 15:00:38,200 - Module(05_01_xgboost_training_feat_import):Line(253) INFO - Saving the evaluation results...
2024-02-29 15:00:39,356 - Module(05_01_xgboost_training_feat_import):Line(209) INFO - Loading data from /DATA/Luis/thesis/scanline_classification/data/data_for_training_z_normalization/training/merged/training_data_merged_frac.csv...
2024-02-29 15:01:39,824 - Module(05_01_xgboost_training_feat_import):Line(209) INFO - Loading data from /DATA/Luis/thesis/scanline_classification/data/data_for_training_z_normalization/training/merged/training_data_merged_frac.csv...
2024-02-29 15:01:44,290 - Module(05_01_xgboost_training_feat_import):Line(158) INFO - Splitting the data into features and labels...
2024-02-29 15:01:44,378 - Module(05_01_xgboost_training_feat_import):Line(39) INFO - Setting up XGBoost classifier...
2024-02-29 15:01:44,378 - Module(05_01_xgboost_training_feat_import):Line(49) INFO - Training the model...
2024-02-29 15:01:56,386 - Module(05_01_xgboost_training_feat_import):Line(241) INFO - Training completed. It took 12.01 seconds.
2024-02-29 15:01:56,387 - Module(05_01_xgboost_training_feat_import):Line(57) INFO - Evaluating the model...
2024-02-29 15:01:56,487 - Module(05_01_xgboost_training_feat_import):Line(65) INFO - Accuracy: 0.769
2024-02-29 15:01:56,487 - Module(05_01_xgboost_training_feat_import):Line(66) INFO - F1-score: 0.773
2024-02-29 15:01:56,487 - Module(05_01_xgboost_training_feat_import):Line(247) INFO - Saving the model...
2024-02-29 15:01:56,487 - Module(05_01_xgboost_training_feat_import):Line(253) INFO - Saving the evaluation results...
2024-02-29 15:01:57,645 - Module(05_01_xgboost_training_feat_import):Line(209) INFO - Loading data from /DATA/Luis/thesis/scanline_classification/data/data_for_training_z_normalization/training/merged/training_data_merged_frac.csv...
2024-02-29 15:02:02,089 - Module(05_01_xgboost_training_feat_import):Line(158) INFO - Splitting the data into features and labels...
2024-02-29 15:02:02,327 - Module(05_01_xgboost_training_feat_import):Line(39) INFO - Setting up XGBoost classifier...
2024-02-29 15:02:02,328 - Module(05_01_xgboost_training_feat_import):Line(49) INFO - Training the model...
2024-02-29 15:02:12,577 - Module(05_01_xgboost_training_feat_import):Line(241) INFO - Training completed. It took 10.25 seconds.
2024-02-29 15:02:12,578 - Module(05_01_xgboost_training_feat_import):Line(57) INFO - Evaluating the model...
2024-02-29 15:02:12,675 - Module(05_01_xgboost_training_feat_import):Line(65) INFO - Accuracy: 0.773
2024-02-29 15:02:12,675 - Module(05_01_xgboost_training_feat_import):Line(66) INFO - F1-score: 0.777
2024-02-29 15:02:12,676 - Module(05_01_xgboost_training_feat_import):Line(247) INFO - Saving the model...
2024-02-29 15:02:12,676 - Module(05_01_xgboost_training_feat_import):Line(253) INFO - Saving the evaluation results...
2024-02-29 15:02:13,831 - Module(05_01_xgboost_training_feat_import):Line(209) INFO - Loading data from /DATA/Luis/thesis/scanline_classification/data/data_for_training_z_normalization/training/merged/training_data_merged_frac.csv...
2024-02-29 15:02:18,172 - Module(05_01_xgboost_training_feat_import):Line(158) INFO - Splitting the data into features and labels...
2024-02-29 15:02:18,393 - Module(05_01_xgboost_training_feat_import):Line(39) INFO - Setting up XGBoost classifier...
2024-02-29 15:02:18,394 - Module(05_01_xgboost_training_feat_import):Line(49) INFO - Training the model...
2024-02-29 15:02:28,861 - Module(05_01_xgboost_training_feat_import):Line(241) INFO - Training completed. It took 10.47 seconds.
2024-02-29 15:02:28,862 - Module(05_01_xgboost_training_feat_import):Line(57) INFO - Evaluating the model...
2024-02-29 15:02:28,952 - Module(05_01_xgboost_training_feat_import):Line(65) INFO - Accuracy: 0.770
2024-02-29 15:02:28,952 - Module(05_01_xgboost_training_feat_import):Line(66) INFO - F1-score: 0.774
2024-02-29 15:02:28,952 - Module(05_01_xgboost_training_feat_import):Line(247) INFO - Saving the model...
2024-02-29 15:02:28,952 - Module(05_01_xgboost_training_feat_import):Line(253) INFO - Saving the evaluation results...
2024-02-29 15:02:30,113 - Module(05_01_xgboost_training_feat_import):Line(209) INFO - Loading data from /DATA/Luis/thesis/scanline_classification/data/data_for_training_z_normalization/training/merged/training_data_merged_frac.csv...
2024-02-29 15:02:34,559 - Module(05_01_xgboost_training_feat_import):Line(158) INFO - Splitting the data into features and labels...
2024-02-29 15:02:34,825 - Module(05_01_xgboost_training_feat_import):Line(39) INFO - Setting up XGBoost classifier...
2024-02-29 15:02:34,825 - Module(05_01_xgboost_training_feat_import):Line(49) INFO - Training the model...
2024-02-29 15:02:45,307 - Module(05_01_xgboost_training_feat_import):Line(241) INFO - Training completed. It took 10.48 seconds.
2024-02-29 15:02:45,308 - Module(05_01_xgboost_training_feat_import):Line(57) INFO - Evaluating the model...
2024-02-29 15:02:45,401 - Module(05_01_xgboost_training_feat_import):Line(65) INFO - Accuracy: 0.766
2024-02-29 15:02:45,401 - Module(05_01_xgboost_training_feat_import):Line(66) INFO - F1-score: 0.770
2024-02-29 15:02:45,401 - Module(05_01_xgboost_training_feat_import):Line(247) INFO - Saving the model...
2024-02-29 15:02:45,401 - Module(05_01_xgboost_training_feat_import):Line(253) INFO - Saving the evaluation results...
2024-02-29 15:02:46,559 - Module(05_01_xgboost_training_feat_import):Line(209) INFO - Loading data from /DATA/Luis/thesis/scanline_classification/data/data_for_training_z_normalization/training/merged/training_data_merged_frac.csv...
2024-02-29 15:02:50,955 - Module(05_01_xgboost_training_feat_import):Line(158) INFO - Splitting the data into features and labels...
2024-02-29 15:02:51,201 - Module(05_01_xgboost_training_feat_import):Line(39) INFO - Setting up XGBoost classifier...
2024-02-29 15:02:51,201 - Module(05_01_xgboost_training_feat_import):Line(49) INFO - Training the model...
2024-02-29 15:03:01,308 - Module(05_01_xgboost_training_feat_import):Line(241) INFO - Training completed. It took 10.11 seconds.
2024-02-29 15:03:01,309 - Module(05_01_xgboost_training_feat_import):Line(57) INFO - Evaluating the model...
2024-02-29 15:03:01,398 - Module(05_01_xgboost_training_feat_import):Line(65) INFO - Accuracy: 0.769
2024-02-29 15:03:01,398 - Module(05_01_xgboost_training_feat_import):Line(66) INFO - F1-score: 0.773
2024-02-29 15:03:01,398 - Module(05_01_xgboost_training_feat_import):Line(247) INFO - Saving the model...
2024-02-29 15:03:01,398 - Module(05_01_xgboost_training_feat_import):Line(253) INFO - Saving the evaluation results...
2024-02-29 15:03:02,544 - Module(05_01_xgboost_training_feat_import):Line(209) INFO - Loading data from /DATA/Luis/thesis/scanline_classification/data/data_for_training_z_normalization/training/merged/training_data_merged_frac.csv...
2024-02-29 15:03:06,945 - Module(05_01_xgboost_training_feat_import):Line(158) INFO - Splitting the data into features and labels...
2024-02-29 15:03:07,117 - Module(05_01_xgboost_training_feat_import):Line(39) INFO - Setting up XGBoost classifier...
2024-02-29 15:03:07,117 - Module(05_01_xgboost_training_feat_import):Line(49) INFO - Training the model...
2024-02-29 15:03:17,197 - Module(05_01_xgboost_training_feat_import):Line(241) INFO - Training completed. It took 10.08 seconds.
2024-02-29 15:03:17,198 - Module(05_01_xgboost_training_feat_import):Line(57) INFO - Evaluating the model...
2024-02-29 15:03:17,286 - Module(05_01_xgboost_training_feat_import):Line(65) INFO - Accuracy: 0.770
2024-02-29 15:03:17,286 - Module(05_01_xgboost_training_feat_import):Line(66) INFO - F1-score: 0.774
2024-02-29 15:03:17,287 - Module(05_01_xgboost_training_feat_import):Line(247) INFO - Saving the model...
2024-02-29 15:03:17,287 - Module(05_01_xgboost_training_feat_import):Line(253) INFO - Saving the evaluation results...
2024-02-29 15:03:18,427 - Module(05_01_xgboost_training_feat_import):Line(209) INFO - Loading data from /DATA/Luis/thesis/scanline_classification/data/data_for_training_z_normalization/training/merged/training_data_merged_frac.csv...
2024-02-29 15:03:22,794 - Module(05_01_xgboost_training_feat_import):Line(158) INFO - Splitting the data into features and labels...
2024-02-29 15:03:22,979 - Module(05_01_xgboost_training_feat_import):Line(39) INFO - Setting up XGBoost classifier...
2024-02-29 15:03:22,979 - Module(05_01_xgboost_training_feat_import):Line(49) INFO - Training the model...
2024-02-29 15:03:33,050 - Module(05_01_xgboost_training_feat_import):Line(241) INFO - Training completed. It took 10.07 seconds.
2024-02-29 15:03:33,051 - Module(05_01_xgboost_training_feat_import):Line(57) INFO - Evaluating the model...
2024-02-29 15:03:33,135 - Module(05_01_xgboost_training_feat_import):Line(65) INFO - Accuracy: 0.770
2024-02-29 15:03:33,135 - Module(05_01_xgboost_training_feat_import):Line(66) INFO - F1-score: 0.774
2024-02-29 15:03:33,135 - Module(05_01_xgboost_training_feat_import):Line(247) INFO - Saving the model...
2024-02-29 15:03:33,135 - Module(05_01_xgboost_training_feat_import):Line(253) INFO - Saving the evaluation results...
2024-02-29 15:03:34,274 - Module(05_01_xgboost_training_feat_import):Line(209) INFO - Loading data from /DATA/Luis/thesis/scanline_classification/data/data_for_training_z_normalization/training/merged/training_data_merged_frac.csv...
2024-02-29 15:03:38,693 - Module(05_01_xgboost_training_feat_import):Line(158) INFO - Splitting the data into features and labels...
2024-02-29 15:03:38,936 - Module(05_01_xgboost_training_feat_import):Line(39) INFO - Setting up XGBoost classifier...
2024-02-29 15:03:38,937 - Module(05_01_xgboost_training_feat_import):Line(49) INFO - Training the model...
2024-02-29 15:03:49,136 - Module(05_01_xgboost_training_feat_import):Line(241) INFO - Training completed. It took 10.20 seconds.
2024-02-29 15:03:49,137 - Module(05_01_xgboost_training_feat_import):Line(57) INFO - Evaluating the model...
2024-02-29 15:03:49,224 - Module(05_01_xgboost_training_feat_import):Line(65) INFO - Accuracy: 0.766
2024-02-29 15:03:49,225 - Module(05_01_xgboost_training_feat_import):Line(66) INFO - F1-score: 0.770
2024-02-29 15:03:49,225 - Module(05_01_xgboost_training_feat_import):Line(247) INFO - Saving the model...
2024-02-29 15:03:49,225 - Module(05_01_xgboost_training_feat_import):Line(253) INFO - Saving the evaluation results...
2024-02-29 15:03:50,408 - Module(05_01_xgboost_training_feat_import):Line(209) INFO - Loading data from /DATA/Luis/thesis/scanline_classification/data/data_for_training_z_normalization/training/merged/training_data_merged_frac.csv...
2024-02-29 15:03:54,926 - Module(05_01_xgboost_training_feat_import):Line(158) INFO - Splitting the data into features and labels...
2024-02-29 15:03:55,175 - Module(05_01_xgboost_training_feat_import):Line(39) INFO - Setting up XGBoost classifier...
2024-02-29 15:03:55,175 - Module(05_01_xgboost_training_feat_import):Line(49) INFO - Training the model...
2024-02-29 15:04:05,629 - Module(05_01_xgboost_training_feat_import):Line(241) INFO - Training completed. It took 10.45 seconds.
2024-02-29 15:04:05,630 - Module(05_01_xgboost_training_feat_import):Line(57) INFO - Evaluating the model...
2024-02-29 15:04:05,718 - Module(05_01_xgboost_training_feat_import):Line(65) INFO - Accuracy: 0.765
2024-02-29 15:04:05,719 - Module(05_01_xgboost_training_feat_import):Line(66) INFO - F1-score: 0.770
2024-02-29 15:04:05,719 - Module(05_01_xgboost_training_feat_import):Line(247) INFO - Saving the model...
2024-02-29 15:04:05,719 - Module(05_01_xgboost_training_feat_import):Line(253) INFO - Saving the evaluation results...
2024-02-29 15:04:06,885 - Module(05_01_xgboost_training_feat_import):Line(209) INFO - Loading data from /DATA/Luis/thesis/scanline_classification/data/data_for_training_z_normalization/training/merged/training_data_merged_frac.csv...
2024-02-29 15:04:11,416 - Module(05_01_xgboost_training_feat_import):Line(158) INFO - Splitting the data into features and labels...
2024-02-29 15:04:11,661 - Module(05_01_xgboost_training_feat_import):Line(39) INFO - Setting up XGBoost classifier...
2024-02-29 15:04:11,662 - Module(05_01_xgboost_training_feat_import):Line(49) INFO - Training the model...
2024-02-29 15:04:22,425 - Module(05_01_xgboost_training_feat_import):Line(241) INFO - Training completed. It took 10.76 seconds.
2024-02-29 15:04:22,426 - Module(05_01_xgboost_training_feat_import):Line(57) INFO - Evaluating the model...
2024-02-29 15:04:22,520 - Module(05_01_xgboost_training_feat_import):Line(65) INFO - Accuracy: 0.769
2024-02-29 15:04:22,521 - Module(05_01_xgboost_training_feat_import):Line(66) INFO - F1-score: 0.774
2024-02-29 15:04:22,521 - Module(05_01_xgboost_training_feat_import):Line(247) INFO - Saving the model...
2024-02-29 15:04:22,521 - Module(05_01_xgboost_training_feat_import):Line(253) INFO - Saving the evaluation results...
2024-02-29 15:04:55,481 - Module(05_01_xgboost_training_feat_import):Line(209) INFO - Loading data from /DATA/Luis/thesis/scanline_classification/data/data_for_training_z_normalization/training/merged/training_data_merged_frac.csv...
2024-02-29 15:04:59,874 - Module(05_01_xgboost_training_feat_import):Line(158) INFO - Splitting the data into features and labels...
2024-02-29 15:04:59,913 - Module(05_01_xgboost_training_feat_import):Line(39) INFO - Setting up XGBoost classifier...
2024-02-29 15:04:59,914 - Module(05_01_xgboost_training_feat_import):Line(49) INFO - Training the model...
2024-02-29 15:05:06,360 - Module(05_01_xgboost_training_feat_import):Line(241) INFO - Training completed. It took 6.45 seconds.
2024-02-29 15:05:06,361 - Module(05_01_xgboost_training_feat_import):Line(57) INFO - Evaluating the model...
2024-02-29 15:05:06,431 - Module(05_01_xgboost_training_feat_import):Line(65) INFO - Accuracy: 0.835
2024-02-29 15:05:06,432 - Module(05_01_xgboost_training_feat_import):Line(66) INFO - F1-score: 0.835
2024-02-29 15:05:06,432 - Module(05_01_xgboost_training_feat_import):Line(247) INFO - Saving the model...
2024-02-29 15:05:06,432 - Module(05_01_xgboost_training_feat_import):Line(253) INFO - Saving the evaluation results...
2024-02-29 15:05:07,580 - Module(05_01_xgboost_training_feat_import):Line(209) INFO - Loading data from /DATA/Luis/thesis/scanline_classification/data/data_for_training_z_normalization/training/merged/training_data_merged_frac.csv...
2024-02-29 15:05:12,072 - Module(05_01_xgboost_training_feat_import):Line(158) INFO - Splitting the data into features and labels...
2024-02-29 15:05:12,149 - Module(05_01_xgboost_training_feat_import):Line(39) INFO - Setting up XGBoost classifier...
2024-02-29 15:05:12,149 - Module(05_01_xgboost_training_feat_import):Line(49) INFO - Training the model...
2024-02-29 15:05:18,051 - Module(05_01_xgboost_training_feat_import):Line(241) INFO - Training completed. It took 5.90 seconds.
2024-02-29 15:05:18,052 - Module(05_01_xgboost_training_feat_import):Line(57) INFO - Evaluating the model...
2024-02-29 15:05:18,121 - Module(05_01_xgboost_training_feat_import):Line(65) INFO - Accuracy: 0.836
2024-02-29 15:05:18,122 - Module(05_01_xgboost_training_feat_import):Line(66) INFO - F1-score: 0.836
2024-02-29 15:05:18,122 - Module(05_01_xgboost_training_feat_import):Line(247) INFO - Saving the model...
2024-02-29 15:05:18,122 - Module(05_01_xgboost_training_feat_import):Line(253) INFO - Saving the evaluation results...
2024-02-29 15:05:19,261 - Module(05_01_xgboost_training_feat_import):Line(209) INFO - Loading data from /DATA/Luis/thesis/scanline_classification/data/data_for_training_z_normalization/training/merged/training_data_merged_frac.csv...
2024-02-29 15:05:23,682 - Module(05_01_xgboost_training_feat_import):Line(158) INFO - Splitting the data into features and labels...
2024-02-29 15:05:23,756 - Module(05_01_xgboost_training_feat_import):Line(39) INFO - Setting up XGBoost classifier...
2024-02-29 15:05:23,756 - Module(05_01_xgboost_training_feat_import):Line(49) INFO - Training the model...
2024-02-29 15:05:29,788 - Module(05_01_xgboost_training_feat_import):Line(241) INFO - Training completed. It took 6.03 seconds.
2024-02-29 15:05:29,788 - Module(05_01_xgboost_training_feat_import):Line(57) INFO - Evaluating the model...
2024-02-29 15:05:29,860 - Module(05_01_xgboost_training_feat_import):Line(65) INFO - Accuracy: 0.835
2024-02-29 15:05:29,860 - Module(05_01_xgboost_training_feat_import):Line(66) INFO - F1-score: 0.836
2024-02-29 15:05:29,860 - Module(05_01_xgboost_training_feat_import):Line(247) INFO - Saving the model...
2024-02-29 15:05:29,860 - Module(05_01_xgboost_training_feat_import):Line(253) INFO - Saving the evaluation results...
2024-02-29 15:05:31,001 - Module(05_01_xgboost_training_feat_import):Line(209) INFO - Loading data from /DATA/Luis/thesis/scanline_classification/data/data_for_training_z_normalization/training/merged/training_data_merged_frac.csv...
2024-02-29 15:05:35,399 - Module(05_01_xgboost_training_feat_import):Line(158) INFO - Splitting the data into features and labels...
2024-02-29 15:05:35,474 - Module(05_01_xgboost_training_feat_import):Line(39) INFO - Setting up XGBoost classifier...
2024-02-29 15:05:35,474 - Module(05_01_xgboost_training_feat_import):Line(49) INFO - Training the model...
2024-02-29 15:05:41,506 - Module(05_01_xgboost_training_feat_import):Line(241) INFO - Training completed. It took 6.03 seconds.
2024-02-29 15:05:41,507 - Module(05_01_xgboost_training_feat_import):Line(57) INFO - Evaluating the model...
2024-02-29 15:05:41,576 - Module(05_01_xgboost_training_feat_import):Line(65) INFO - Accuracy: 0.835
2024-02-29 15:05:41,576 - Module(05_01_xgboost_training_feat_import):Line(66) INFO - F1-score: 0.836
2024-02-29 15:05:41,577 - Module(05_01_xgboost_training_feat_import):Line(247) INFO - Saving the model...
2024-02-29 15:05:41,577 - Module(05_01_xgboost_training_feat_import):Line(253) INFO - Saving the evaluation results...
2024-02-29 15:05:42,713 - Module(05_01_xgboost_training_feat_import):Line(209) INFO - Loading data from /DATA/Luis/thesis/scanline_classification/data/data_for_training_z_normalization/training/merged/training_data_merged_frac.csv...
2024-02-29 15:05:47,075 - Module(05_01_xgboost_training_feat_import):Line(158) INFO - Splitting the data into features and labels...
2024-02-29 15:05:47,152 - Module(05_01_xgboost_training_feat_import):Line(39) INFO - Setting up XGBoost classifier...
2024-02-29 15:05:47,152 - Module(05_01_xgboost_training_feat_import):Line(49) INFO - Training the model...
2024-02-29 15:05:53,063 - Module(05_01_xgboost_training_feat_import):Line(241) INFO - Training completed. It took 5.91 seconds.
2024-02-29 15:05:53,064 - Module(05_01_xgboost_training_feat_import):Line(57) INFO - Evaluating the model...
2024-02-29 15:05:53,132 - Module(05_01_xgboost_training_feat_import):Line(65) INFO - Accuracy: 0.834
2024-02-29 15:05:53,132 - Module(05_01_xgboost_training_feat_import):Line(66) INFO - F1-score: 0.834
2024-02-29 15:05:53,132 - Module(05_01_xgboost_training_feat_import):Line(247) INFO - Saving the model...
2024-02-29 15:05:53,132 - Module(05_01_xgboost_training_feat_import):Line(253) INFO - Saving the evaluation results...
2024-02-29 15:05:54,267 - Module(05_01_xgboost_training_feat_import):Line(209) INFO - Loading data from /DATA/Luis/thesis/scanline_classification/data/data_for_training_z_normalization/training/merged/training_data_merged_frac.csv...
2024-02-29 15:05:58,757 - Module(05_01_xgboost_training_feat_import):Line(158) INFO - Splitting the data into features and labels...
2024-02-29 15:05:58,832 - Module(05_01_xgboost_training_feat_import):Line(39) INFO - Setting up XGBoost classifier...
2024-02-29 15:05:58,833 - Module(05_01_xgboost_training_feat_import):Line(49) INFO - Training the model...
2024-02-29 15:06:04,839 - Module(05_01_xgboost_training_feat_import):Line(241) INFO - Training completed. It took 6.01 seconds.
2024-02-29 15:06:04,840 - Module(05_01_xgboost_training_feat_import):Line(57) INFO - Evaluating the model...
2024-02-29 15:06:04,909 - Module(05_01_xgboost_training_feat_import):Line(65) INFO - Accuracy: 0.834
2024-02-29 15:06:04,909 - Module(05_01_xgboost_training_feat_import):Line(66) INFO - F1-score: 0.835
2024-02-29 15:06:04,909 - Module(05_01_xgboost_training_feat_import):Line(247) INFO - Saving the model...
2024-02-29 15:06:04,910 - Module(05_01_xgboost_training_feat_import):Line(253) INFO - Saving the evaluation results...
2024-02-29 15:06:06,061 - Module(05_01_xgboost_training_feat_import):Line(209) INFO - Loading data from /DATA/Luis/thesis/scanline_classification/data/data_for_training_z_normalization/training/merged/training_data_merged_frac.csv...
2024-02-29 15:06:10,439 - Module(05_01_xgboost_training_feat_import):Line(158) INFO - Splitting the data into features and labels...
2024-02-29 15:06:10,517 - Module(05_01_xgboost_training_feat_import):Line(39) INFO - Setting up XGBoost classifier...
2024-02-29 15:06:10,518 - Module(05_01_xgboost_training_feat_import):Line(49) INFO - Training the model...
2024-02-29 15:06:16,461 - Module(05_01_xgboost_training_feat_import):Line(241) INFO - Training completed. It took 5.94 seconds.
2024-02-29 15:06:16,462 - Module(05_01_xgboost_training_feat_import):Line(57) INFO - Evaluating the model...
2024-02-29 15:06:16,539 - Module(05_01_xgboost_training_feat_import):Line(65) INFO - Accuracy: 0.832
2024-02-29 15:06:16,539 - Module(05_01_xgboost_training_feat_import):Line(66) INFO - F1-score: 0.833
2024-02-29 15:06:16,539 - Module(05_01_xgboost_training_feat_import):Line(247) INFO - Saving the model...
2024-02-29 15:06:16,539 - Module(05_01_xgboost_training_feat_import):Line(253) INFO - Saving the evaluation results...
2024-02-29 15:06:17,675 - Module(05_01_xgboost_training_feat_import):Line(209) INFO - Loading data from /DATA/Luis/thesis/scanline_classification/data/data_for_training_z_normalization/training/merged/training_data_merged_frac.csv...
2024-02-29 15:06:22,059 - Module(05_01_xgboost_training_feat_import):Line(158) INFO - Splitting the data into features and labels...
2024-02-29 15:06:22,133 - Module(05_01_xgboost_training_feat_import):Line(39) INFO - Setting up XGBoost classifier...
2024-02-29 15:06:22,133 - Module(05_01_xgboost_training_feat_import):Line(49) INFO - Training the model...
2024-02-29 15:06:28,046 - Module(05_01_xgboost_training_feat_import):Line(241) INFO - Training completed. It took 5.91 seconds.
2024-02-29 15:06:28,047 - Module(05_01_xgboost_training_feat_import):Line(57) INFO - Evaluating the model...
2024-02-29 15:06:28,117 - Module(05_01_xgboost_training_feat_import):Line(65) INFO - Accuracy: 0.836
2024-02-29 15:06:28,117 - Module(05_01_xgboost_training_feat_import):Line(66) INFO - F1-score: 0.837
2024-02-29 15:06:28,117 - Module(05_01_xgboost_training_feat_import):Line(247) INFO - Saving the model...
2024-02-29 15:06:28,117 - Module(05_01_xgboost_training_feat_import):Line(253) INFO - Saving the evaluation results...
2024-02-29 15:06:29,261 - Module(05_01_xgboost_training_feat_import):Line(209) INFO - Loading data from /DATA/Luis/thesis/scanline_classification/data/data_for_training_z_normalization/training/merged/training_data_merged_frac.csv...
2024-02-29 15:06:33,701 - Module(05_01_xgboost_training_feat_import):Line(158) INFO - Splitting the data into features and labels...
2024-02-29 15:06:33,782 - Module(05_01_xgboost_training_feat_import):Line(39) INFO - Setting up XGBoost classifier...
2024-02-29 15:06:33,782 - Module(05_01_xgboost_training_feat_import):Line(49) INFO - Training the model...
2024-02-29 15:06:39,743 - Module(05_01_xgboost_training_feat_import):Line(241) INFO - Training completed. It took 5.96 seconds.
2024-02-29 15:06:39,744 - Module(05_01_xgboost_training_feat_import):Line(57) INFO - Evaluating the model...
2024-02-29 15:06:39,813 - Module(05_01_xgboost_training_feat_import):Line(65) INFO - Accuracy: 0.836
2024-02-29 15:06:39,813 - Module(05_01_xgboost_training_feat_import):Line(66) INFO - F1-score: 0.836
2024-02-29 15:06:39,814 - Module(05_01_xgboost_training_feat_import):Line(247) INFO - Saving the model...
2024-02-29 15:06:39,814 - Module(05_01_xgboost_training_feat_import):Line(253) INFO - Saving the evaluation results...
2024-02-29 15:06:40,955 - Module(05_01_xgboost_training_feat_import):Line(209) INFO - Loading data from /DATA/Luis/thesis/scanline_classification/data/data_for_training_z_normalization/training/merged/training_data_merged_frac.csv...
2024-02-29 15:06:45,345 - Module(05_01_xgboost_training_feat_import):Line(158) INFO - Splitting the data into features and labels...
2024-02-29 15:06:45,425 - Module(05_01_xgboost_training_feat_import):Line(39) INFO - Setting up XGBoost classifier...
2024-02-29 15:06:45,425 - Module(05_01_xgboost_training_feat_import):Line(49) INFO - Training the model...
2024-02-29 15:06:51,616 - Module(05_01_xgboost_training_feat_import):Line(241) INFO - Training completed. It took 6.19 seconds.
2024-02-29 15:06:51,617 - Module(05_01_xgboost_training_feat_import):Line(57) INFO - Evaluating the model...
2024-02-29 15:06:51,686 - Module(05_01_xgboost_training_feat_import):Line(65) INFO - Accuracy: 0.832
2024-02-29 15:06:51,686 - Module(05_01_xgboost_training_feat_import):Line(66) INFO - F1-score: 0.833
2024-02-29 15:06:51,686 - Module(05_01_xgboost_training_feat_import):Line(247) INFO - Saving the model...
2024-02-29 15:06:51,686 - Module(05_01_xgboost_training_feat_import):Line(253) INFO - Saving the evaluation results...
2024-02-29 15:09:29,790 - Module(05_01_xgboost_training_feat_import):Line(209) INFO - Loading data from /DATA/Luis/thesis/scanline_classification/data/data_for_training_z_normalization/training/merged/training_data_merged_frac.csv...
2024-02-29 15:09:34,241 - Module(05_01_xgboost_training_feat_import):Line(158) INFO - Splitting the data into features and labels...
2024-02-29 15:09:34,279 - Module(05_01_xgboost_training_feat_import):Line(39) INFO - Setting up XGBoost classifier...
2024-02-29 15:09:34,280 - Module(05_01_xgboost_training_feat_import):Line(49) INFO - Training the model...
2024-02-29 15:09:40,340 - Module(05_01_xgboost_training_feat_import):Line(241) INFO - Training completed. It took 6.06 seconds.
2024-02-29 15:09:40,341 - Module(05_01_xgboost_training_feat_import):Line(57) INFO - Evaluating the model...
2024-02-29 15:09:40,409 - Module(05_01_xgboost_training_feat_import):Line(65) INFO - Accuracy: 0.833
2024-02-29 15:09:40,410 - Module(05_01_xgboost_training_feat_import):Line(66) INFO - F1-score: 0.833
2024-02-29 15:09:40,410 - Module(05_01_xgboost_training_feat_import):Line(247) INFO - Saving the model...
2024-02-29 15:09:40,410 - Module(05_01_xgboost_training_feat_import):Line(253) INFO - Saving the evaluation results...
2024-02-29 15:09:41,533 - Module(05_01_xgboost_training_feat_import):Line(209) INFO - Loading data from /DATA/Luis/thesis/scanline_classification/data/data_for_training_z_normalization/training/merged/training_data_merged_frac.csv...
2024-02-29 15:09:59,680 - Module(05_01_xgboost_training_feat_import):Line(209) INFO - Loading data from /DATA/Luis/thesis/scanline_classification/data/data_for_training_z_normalization/training/merged/training_data_merged_frac.csv...
2024-02-29 15:10:04,114 - Module(05_01_xgboost_training_feat_import):Line(158) INFO - Splitting the data into features and labels...
2024-02-29 15:10:04,149 - Module(05_01_xgboost_training_feat_import):Line(39) INFO - Setting up XGBoost classifier...
2024-02-29 15:10:04,149 - Module(05_01_xgboost_training_feat_import):Line(49) INFO - Training the model...
2024-02-29 15:10:10,162 - Module(05_01_xgboost_training_feat_import):Line(241) INFO - Training completed. It took 6.01 seconds.
2024-02-29 15:10:10,162 - Module(05_01_xgboost_training_feat_import):Line(57) INFO - Evaluating the model...
2024-02-29 15:10:10,231 - Module(05_01_xgboost_training_feat_import):Line(65) INFO - Accuracy: 0.827
2024-02-29 15:10:10,231 - Module(05_01_xgboost_training_feat_import):Line(66) INFO - F1-score: 0.828
2024-02-29 15:10:10,232 - Module(05_01_xgboost_training_feat_import):Line(247) INFO - Saving the model...
2024-02-29 15:10:10,232 - Module(05_01_xgboost_training_feat_import):Line(253) INFO - Saving the evaluation results...
2024-02-29 15:10:11,371 - Module(05_01_xgboost_training_feat_import):Line(209) INFO - Loading data from /DATA/Luis/thesis/scanline_classification/data/data_for_training_z_normalization/training/merged/training_data_merged_frac.csv...
2024-02-29 15:10:31,391 - Module(05_01_xgboost_training_feat_import):Line(209) INFO - Loading data from /DATA/Luis/thesis/scanline_classification/data/data_for_training_z_normalization/training/merged/training_data_merged_frac.csv...
2024-02-29 15:10:35,789 - Module(05_01_xgboost_training_feat_import):Line(158) INFO - Splitting the data into features and labels...
2024-02-29 15:10:35,835 - Module(05_01_xgboost_training_feat_import):Line(39) INFO - Setting up XGBoost classifier...
2024-02-29 15:10:35,836 - Module(05_01_xgboost_training_feat_import):Line(49) INFO - Training the model...
2024-02-29 15:10:43,047 - Module(05_01_xgboost_training_feat_import):Line(241) INFO - Training completed. It took 7.21 seconds.
2024-02-29 15:10:43,047 - Module(05_01_xgboost_training_feat_import):Line(57) INFO - Evaluating the model...
2024-02-29 15:10:43,127 - Module(05_01_xgboost_training_feat_import):Line(65) INFO - Accuracy: 0.829
2024-02-29 15:10:43,127 - Module(05_01_xgboost_training_feat_import):Line(66) INFO - F1-score: 0.830
2024-02-29 15:10:43,127 - Module(05_01_xgboost_training_feat_import):Line(247) INFO - Saving the model...
2024-02-29 15:10:43,128 - Module(05_01_xgboost_training_feat_import):Line(253) INFO - Saving the evaluation results...
2024-02-29 15:10:44,271 - Module(05_01_xgboost_training_feat_import):Line(209) INFO - Loading data from /DATA/Luis/thesis/scanline_classification/data/data_for_training_z_normalization/training/merged/training_data_merged_frac.csv...
2024-02-29 15:10:48,655 - Module(05_01_xgboost_training_feat_import):Line(158) INFO - Splitting the data into features and labels...
2024-02-29 15:10:48,740 - Module(05_01_xgboost_training_feat_import):Line(39) INFO - Setting up XGBoost classifier...
2024-02-29 15:10:48,740 - Module(05_01_xgboost_training_feat_import):Line(49) INFO - Training the model...
2024-02-29 15:11:05,642 - Module(05_01_xgboost_training_feat_import):Line(209) INFO - Loading data from /DATA/Luis/thesis/scanline_classification/data/data_for_training_z_normalization/training/merged/training_data_merged_frac.csv...
2024-02-29 15:11:10,111 - Module(05_01_xgboost_training_feat_import):Line(158) INFO - Splitting the data into features and labels...
2024-02-29 15:11:10,146 - Module(05_01_xgboost_training_feat_import):Line(39) INFO - Setting up XGBoost classifier...
2024-02-29 15:11:10,146 - Module(05_01_xgboost_training_feat_import):Line(49) INFO - Training the model...
2024-02-29 15:11:16,068 - Module(05_01_xgboost_training_feat_import):Line(241) INFO - Training completed. It took 5.92 seconds.
2024-02-29 15:11:16,069 - Module(05_01_xgboost_training_feat_import):Line(57) INFO - Evaluating the model...
2024-02-29 15:11:16,140 - Module(05_01_xgboost_training_feat_import):Line(65) INFO - Accuracy: 0.822
2024-02-29 15:11:16,140 - Module(05_01_xgboost_training_feat_import):Line(66) INFO - F1-score: 0.823
2024-02-29 15:11:16,140 - Module(05_01_xgboost_training_feat_import):Line(247) INFO - Saving the model...
2024-02-29 15:11:16,140 - Module(05_01_xgboost_training_feat_import):Line(253) INFO - Saving the evaluation results...
2024-02-29 15:11:17,290 - Module(05_01_xgboost_training_feat_import):Line(209) INFO - Loading data from /DATA/Luis/thesis/scanline_classification/data/data_for_training_z_normalization/training/merged/training_data_merged_frac.csv...
2024-02-29 15:11:21,722 - Module(05_01_xgboost_training_feat_import):Line(158) INFO - Splitting the data into features and labels...
2024-02-29 15:11:21,795 - Module(05_01_xgboost_training_feat_import):Line(39) INFO - Setting up XGBoost classifier...
2024-02-29 15:11:21,796 - Module(05_01_xgboost_training_feat_import):Line(49) INFO - Training the model...
2024-02-29 15:11:35,393 - Module(05_01_xgboost_training_feat_import):Line(209) INFO - Loading data from /DATA/Luis/thesis/scanline_classification/data/data_for_training_z_normalization/training/merged/training_data_merged_frac.csv...
2024-02-29 15:11:39,709 - Module(05_01_xgboost_training_feat_import):Line(158) INFO - Splitting the data into features and labels...
2024-02-29 15:11:39,742 - Module(05_01_xgboost_training_feat_import):Line(39) INFO - Setting up XGBoost classifier...
2024-02-29 15:11:39,742 - Module(05_01_xgboost_training_feat_import):Line(49) INFO - Training the model...
2024-02-29 15:11:45,071 - Module(05_01_xgboost_training_feat_import):Line(241) INFO - Training completed. It took 5.33 seconds.
2024-02-29 15:11:45,072 - Module(05_01_xgboost_training_feat_import):Line(57) INFO - Evaluating the model...
2024-02-29 15:11:45,139 - Module(05_01_xgboost_training_feat_import):Line(65) INFO - Accuracy: 0.810
2024-02-29 15:11:45,140 - Module(05_01_xgboost_training_feat_import):Line(66) INFO - F1-score: 0.810
2024-02-29 15:11:45,140 - Module(05_01_xgboost_training_feat_import):Line(247) INFO - Saving the model...
2024-02-29 15:11:45,140 - Module(05_01_xgboost_training_feat_import):Line(253) INFO - Saving the evaluation results...
2024-02-29 15:11:46,291 - Module(05_01_xgboost_training_feat_import):Line(209) INFO - Loading data from /DATA/Luis/thesis/scanline_classification/data/data_for_training_z_normalization/training/merged/training_data_merged_frac.csv...
2024-02-29 15:12:09,730 - Module(05_01_xgboost_training_feat_import):Line(209) INFO - Loading data from /DATA/Luis/thesis/scanline_classification/data/data_for_training_z_normalization/training/merged/training_data_merged_frac.csv...
2024-02-29 15:12:14,190 - Module(05_01_xgboost_training_feat_import):Line(158) INFO - Splitting the data into features and labels...
2024-02-29 15:12:14,238 - Module(05_01_xgboost_training_feat_import):Line(39) INFO - Setting up XGBoost classifier...
2024-02-29 15:12:14,239 - Module(05_01_xgboost_training_feat_import):Line(49) INFO - Training the model...
2024-02-29 15:12:21,607 - Module(05_01_xgboost_training_feat_import):Line(241) INFO - Training completed. It took 7.37 seconds.
2024-02-29 15:12:21,608 - Module(05_01_xgboost_training_feat_import):Line(57) INFO - Evaluating the model...
2024-02-29 15:12:21,680 - Module(05_01_xgboost_training_feat_import):Line(65) INFO - Accuracy: 0.836
2024-02-29 15:12:21,681 - Module(05_01_xgboost_training_feat_import):Line(66) INFO - F1-score: 0.836
2024-02-29 15:12:21,681 - Module(05_01_xgboost_training_feat_import):Line(247) INFO - Saving the model...
2024-02-29 15:12:21,681 - Module(05_01_xgboost_training_feat_import):Line(253) INFO - Saving the evaluation results...
2024-02-29 15:12:22,826 - Module(05_01_xgboost_training_feat_import):Line(209) INFO - Loading data from /DATA/Luis/thesis/scanline_classification/data/data_for_training_z_normalization/training/merged/training_data_merged_frac.csv...
2024-02-29 15:12:27,178 - Module(05_01_xgboost_training_feat_import):Line(158) INFO - Splitting the data into features and labels...
2024-02-29 15:12:27,264 - Module(05_01_xgboost_training_feat_import):Line(39) INFO - Setting up XGBoost classifier...
2024-02-29 15:12:27,265 - Module(05_01_xgboost_training_feat_import):Line(49) INFO - Training the model...
2024-02-29 15:14:18,911 - Module(05_01_xgboost_training_feat_import):Line(209) INFO - Loading data from /DATA/Luis/thesis/scanline_classification/data/data_for_training_z_normalization/training/merged/training_data_merged_frac.csv...
2024-02-29 15:14:23,378 - Module(05_01_xgboost_training_feat_import):Line(158) INFO - Splitting the data into features and labels...
2024-02-29 15:14:23,428 - Module(05_01_xgboost_training_feat_import):Line(39) INFO - Setting up XGBoost classifier...
2024-02-29 15:14:23,428 - Module(05_01_xgboost_training_feat_import):Line(49) INFO - Training the model...
2024-02-29 15:14:30,621 - Module(05_01_xgboost_training_feat_import):Line(241) INFO - Training completed. It took 7.19 seconds.
2024-02-29 15:14:30,622 - Module(05_01_xgboost_training_feat_import):Line(57) INFO - Evaluating the model...
2024-02-29 15:14:30,698 - Module(05_01_xgboost_training_feat_import):Line(65) INFO - Accuracy: 0.836
2024-02-29 15:14:30,698 - Module(05_01_xgboost_training_feat_import):Line(66) INFO - F1-score: 0.836
2024-02-29 15:14:30,698 - Module(05_01_xgboost_training_feat_import):Line(247) INFO - Saving the model...
2024-02-29 15:14:30,698 - Module(05_01_xgboost_training_feat_import):Line(253) INFO - Saving the evaluation results...
2024-02-29 15:14:31,830 - Module(05_01_xgboost_training_feat_import):Line(209) INFO - Loading data from /DATA/Luis/thesis/scanline_classification/data/data_for_training_z_normalization/training/merged/training_data_merged_frac.csv...
2024-02-29 15:14:42,462 - Module(05_01_xgboost_training_feat_import):Line(209) INFO - Loading data from /DATA/Luis/thesis/scanline_classification/data/data_for_training_z_normalization/training/merged/training_data_merged_frac.csv...
2024-02-29 15:14:46,818 - Module(05_01_xgboost_training_feat_import):Line(158) INFO - Splitting the data into features and labels...
2024-02-29 15:14:46,858 - Module(05_01_xgboost_training_feat_import):Line(39) INFO - Setting up XGBoost classifier...
2024-02-29 15:14:46,858 - Module(05_01_xgboost_training_feat_import):Line(49) INFO - Training the model...
2024-02-29 15:14:53,254 - Module(05_01_xgboost_training_feat_import):Line(241) INFO - Training completed. It took 6.40 seconds.
2024-02-29 15:14:53,255 - Module(05_01_xgboost_training_feat_import):Line(57) INFO - Evaluating the model...
2024-02-29 15:14:53,330 - Module(05_01_xgboost_training_feat_import):Line(65) INFO - Accuracy: 0.813
2024-02-29 15:14:53,331 - Module(05_01_xgboost_training_feat_import):Line(66) INFO - F1-score: 0.813
2024-02-29 15:14:53,331 - Module(05_01_xgboost_training_feat_import):Line(247) INFO - Saving the model...
2024-02-29 15:14:53,331 - Module(05_01_xgboost_training_feat_import):Line(253) INFO - Saving the evaluation results...
2024-02-29 15:14:54,488 - Module(05_01_xgboost_training_feat_import):Line(209) INFO - Loading data from /DATA/Luis/thesis/scanline_classification/data/data_for_training_z_normalization/training/merged/training_data_merged_frac.csv...
