2024-03-01 09:28:40,274 - Module(04_01_xgboost_training_main):Line(109) INFO - Loading data from /DATA/Luis/thesis/scanline_classification/data/data_for_training_z_normalization/training/merged/training_data_merged_frac.csv...
2024-03-01 09:28:44,901 - Module(04_01_xgboost_training_main):Line(73) INFO - Splitting the data into features and labels...
2024-03-01 09:28:44,968 - Module(04_01_xgboost_training_main):Line(39) INFO - Setting up XGBoost classifier...
2024-03-01 09:28:44,968 - Module(04_01_xgboost_training_main):Line(49) INFO - Training the model...
2024-03-01 09:28:53,660 - Module(04_01_xgboost_training_main):Line(129) INFO - Training completed. It took 8.69 seconds.
2024-03-01 09:28:53,660 - Module(04_01_xgboost_training_main):Line(57) INFO - Evaluating the model...
2024-03-01 09:28:53,746 - Module(04_01_xgboost_training_main):Line(65) INFO - Accuracy: 0.832
2024-03-01 09:28:53,747 - Module(04_01_xgboost_training_main):Line(66) INFO - F1-score: 0.833
2024-03-01 09:28:53,747 - Module(04_01_xgboost_training_main):Line(135) INFO - Saving the model...
2024-03-01 09:28:53,764 - Module(04_01_xgboost_training_main):Line(141) INFO - Saving the evaluation results...
2024-03-01 09:31:24,837 - Module(04_01_xgboost_training_main):Line(109) INFO - Loading data from /DATA/Luis/thesis/scanline_classification/data/data_for_training_z_normalization/training/merged/training_data_merged_frac.csv...
2024-03-01 09:31:29,347 - Module(04_01_xgboost_training_main):Line(73) INFO - Splitting the data into features and labels...
2024-03-01 09:31:29,418 - Module(04_01_xgboost_training_main):Line(39) INFO - Setting up XGBoost classifier...
2024-03-01 09:31:29,418 - Module(04_01_xgboost_training_main):Line(49) INFO - Training the model...
2024-03-01 09:31:38,139 - Module(04_01_xgboost_training_main):Line(129) INFO - Training completed. It took 8.72 seconds.
2024-03-01 09:31:38,140 - Module(04_01_xgboost_training_main):Line(57) INFO - Evaluating the model...
2024-03-01 09:31:38,229 - Module(04_01_xgboost_training_main):Line(65) INFO - Accuracy: 0.832
2024-03-01 09:31:38,229 - Module(04_01_xgboost_training_main):Line(66) INFO - F1-score: 0.833
2024-03-01 09:31:38,230 - Module(04_01_xgboost_training_main):Line(135) INFO - Saving the model...
2024-03-01 09:31:38,247 - Module(04_01_xgboost_training_main):Line(141) INFO - Saving the evaluation results...
2024-03-01 09:39:08,003 - Module(04_01_xgboost_training_main):Line(111) INFO - Loading data from /DATA/Luis/thesis/scanline_classification/data/data_for_training_z_normalization/training/merged/training_data_merged_frac.csv...
2024-03-01 09:39:12,294 - Module(04_01_xgboost_training_main):Line(73) INFO - Splitting the data into features and labels...
2024-03-01 09:39:12,354 - Module(04_01_xgboost_training_main):Line(39) INFO - Setting up XGBoost classifier...
2024-03-01 09:39:12,354 - Module(04_01_xgboost_training_main):Line(49) INFO - Training the model...
2024-03-01 09:39:22,682 - Module(04_01_xgboost_training_main):Line(131) INFO - Training completed. It took 10.33 seconds.
2024-03-01 09:39:22,682 - Module(04_01_xgboost_training_main):Line(57) INFO - Evaluating the model...
2024-03-01 09:39:22,759 - Module(04_01_xgboost_training_main):Line(65) INFO - Accuracy: 0.832
2024-03-01 09:39:22,759 - Module(04_01_xgboost_training_main):Line(66) INFO - F1-score: 0.833
2024-03-01 09:39:22,759 - Module(04_01_xgboost_training_main):Line(137) INFO - Saving the model...
2024-03-01 09:39:22,774 - Module(04_01_xgboost_training_main):Line(143) INFO - Saving the evaluation results...
2024-03-01 09:39:40,634 - Module(04_01_xgboost_training_main):Line(112) INFO - Loading data from /DATA/Luis/thesis/scanline_classification/data/data_for_training_z_normalization/training/merged/training_data_merged_frac.csv...
2024-03-01 09:39:44,764 - Module(04_01_xgboost_training_main):Line(73) INFO - Splitting the data into features and labels...
2024-03-01 09:39:44,827 - Module(04_01_xgboost_training_main):Line(39) INFO - Setting up XGBoost classifier...
2024-03-01 09:39:44,828 - Module(04_01_xgboost_training_main):Line(49) INFO - Training the model...
2024-03-01 09:39:53,786 - Module(04_01_xgboost_training_main):Line(132) INFO - Training completed. It took 8.96 seconds.
2024-03-01 09:39:53,787 - Module(04_01_xgboost_training_main):Line(57) INFO - Evaluating the model...
2024-03-01 09:39:53,877 - Module(04_01_xgboost_training_main):Line(65) INFO - Accuracy: 0.832
2024-03-01 09:39:53,878 - Module(04_01_xgboost_training_main):Line(66) INFO - F1-score: 0.833
2024-03-01 09:39:53,878 - Module(04_01_xgboost_training_main):Line(138) INFO - Saving the model...
2024-03-01 09:39:53,895 - Module(04_01_xgboost_training_main):Line(144) INFO - Saving the evaluation results...
2024-03-01 09:42:34,117 - Module(04_01_xgboost_training_main):Line(118) INFO - Loading data from /DATA/Luis/thesis/scanline_classification/data/data_for_training_z_normalization/training/merged/training_data_merged_frac.csv...
2024-03-01 09:42:38,337 - Module(04_01_xgboost_training_main):Line(74) INFO - Splitting the data into features and labels...
2024-03-01 09:42:38,399 - Module(04_01_xgboost_training_main):Line(40) INFO - Setting up XGBoost classifier...
2024-03-01 09:42:38,399 - Module(04_01_xgboost_training_main):Line(50) INFO - Training the model...
2024-03-01 09:42:47,449 - Module(04_01_xgboost_training_main):Line(138) INFO - Training completed. It took 9.05 seconds.
2024-03-01 09:42:47,450 - Module(04_01_xgboost_training_main):Line(58) INFO - Evaluating the model...
2024-03-01 09:42:47,535 - Module(04_01_xgboost_training_main):Line(66) INFO - Accuracy: 0.832
2024-03-01 09:42:47,536 - Module(04_01_xgboost_training_main):Line(67) INFO - F1-score: 0.833
2024-03-01 09:42:47,536 - Module(04_01_xgboost_training_main):Line(144) INFO - Saving the model...
2024-03-01 09:42:47,552 - Module(04_01_xgboost_training_main):Line(150) INFO - Saving the evaluation results...
2024-03-01 10:01:18,092 - Module(04_01_xgboost_training_main):Line(119) INFO - Loading data from /DATA/Luis/thesis/scanline_classification/data/data_for_training_z_normalization/training/merged/training_data_merged_frac.csv...
2024-03-01 10:01:22,358 - Module(04_01_xgboost_training_main):Line(74) INFO - Splitting the data into features and labels...
2024-03-01 10:01:22,413 - Module(04_01_xgboost_training_main):Line(40) INFO - Setting up XGBoost classifier...
2024-03-01 10:01:22,414 - Module(04_01_xgboost_training_main):Line(50) INFO - Training the model...
2024-03-01 10:01:30,475 - Module(04_01_xgboost_training_main):Line(139) INFO - Training completed. It took 8.06 seconds.
2024-03-01 10:01:30,476 - Module(04_01_xgboost_training_main):Line(58) INFO - Evaluating the model...
2024-03-01 10:01:30,553 - Module(04_01_xgboost_training_main):Line(66) INFO - Accuracy: 0.846
2024-03-01 10:01:30,553 - Module(04_01_xgboost_training_main):Line(67) INFO - F1-score: 0.847
2024-03-01 10:01:30,553 - Module(04_01_xgboost_training_main):Line(145) INFO - Saving the model...
2024-03-01 10:01:30,574 - Module(04_01_xgboost_training_main):Line(151) INFO - Saving the evaluation results...
2024-03-01 10:02:40,658 - Module(04_01_xgboost_training_main):Line(119) INFO - Loading data from /DATA/Luis/thesis/scanline_classification/data/data_for_training_z_normalization/training/merged/training_data_merged_frac.csv...
2024-03-01 10:02:44,943 - Module(04_01_xgboost_training_main):Line(74) INFO - Splitting the data into features and labels...
2024-03-01 10:02:44,995 - Module(04_01_xgboost_training_main):Line(40) INFO - Setting up XGBoost classifier...
2024-03-01 10:02:44,995 - Module(04_01_xgboost_training_main):Line(50) INFO - Training the model...
2024-03-01 10:02:52,916 - Module(04_01_xgboost_training_main):Line(139) INFO - Training completed. It took 7.92 seconds.
2024-03-01 10:02:52,918 - Module(04_01_xgboost_training_main):Line(58) INFO - Evaluating the model...
2024-03-01 10:02:52,992 - Module(04_01_xgboost_training_main):Line(66) INFO - Accuracy: 0.846
2024-03-01 10:02:52,992 - Module(04_01_xgboost_training_main):Line(67) INFO - F1-score: 0.847
2024-03-01 10:02:52,992 - Module(04_01_xgboost_training_main):Line(145) INFO - Saving the model...
2024-03-01 10:02:53,009 - Module(04_01_xgboost_training_main):Line(151) INFO - Saving the evaluation results...
2024-03-01 10:04:31,442 - Module(04_01_xgboost_training_main):Line(119) INFO - Loading data from /DATA/Luis/thesis/scanline_classification/data/data_for_training_z_normalization/training/merged/training_data_merged_frac.csv...
2024-03-01 10:04:35,607 - Module(04_01_xgboost_training_main):Line(74) INFO - Splitting the data into features and labels...
2024-03-01 10:04:35,652 - Module(04_01_xgboost_training_main):Line(40) INFO - Setting up XGBoost classifier...
2024-03-01 10:04:35,653 - Module(04_01_xgboost_training_main):Line(50) INFO - Training the model...
2024-03-01 10:04:42,935 - Module(04_01_xgboost_training_main):Line(139) INFO - Training completed. It took 7.28 seconds.
2024-03-01 10:04:42,936 - Module(04_01_xgboost_training_main):Line(58) INFO - Evaluating the model...
2024-03-01 10:04:43,008 - Module(04_01_xgboost_training_main):Line(66) INFO - Accuracy: 0.845
2024-03-01 10:04:43,008 - Module(04_01_xgboost_training_main):Line(67) INFO - F1-score: 0.845
2024-03-01 10:04:43,008 - Module(04_01_xgboost_training_main):Line(145) INFO - Saving the model...
2024-03-01 10:04:43,025 - Module(04_01_xgboost_training_main):Line(151) INFO - Saving the evaluation results...
2024-03-01 10:04:58,820 - Module(04_01_xgboost_training_main):Line(119) INFO - Loading data from /DATA/Luis/thesis/scanline_classification/data/data_for_training_z_normalization/training/merged/training_data_merged_frac.csv...
2024-03-01 10:05:03,038 - Module(04_01_xgboost_training_main):Line(74) INFO - Splitting the data into features and labels...
2024-03-01 10:05:03,089 - Module(04_01_xgboost_training_main):Line(40) INFO - Setting up XGBoost classifier...
2024-03-01 10:05:03,089 - Module(04_01_xgboost_training_main):Line(50) INFO - Training the model...
2024-03-01 10:05:10,938 - Module(04_01_xgboost_training_main):Line(139) INFO - Training completed. It took 7.85 seconds.
2024-03-01 10:05:10,939 - Module(04_01_xgboost_training_main):Line(58) INFO - Evaluating the model...
2024-03-01 10:05:11,016 - Module(04_01_xgboost_training_main):Line(66) INFO - Accuracy: 0.846
2024-03-01 10:05:11,017 - Module(04_01_xgboost_training_main):Line(67) INFO - F1-score: 0.847
2024-03-01 10:05:11,017 - Module(04_01_xgboost_training_main):Line(145) INFO - Saving the model...
2024-03-01 10:05:11,036 - Module(04_01_xgboost_training_main):Line(151) INFO - Saving the evaluation results...
2024-03-01 10:17:32,252 - Module(04_01_xgboost_training_main):Line(119) INFO - Loading data from /DATA/Luis/thesis/scanline_classification/data/data_for_training_z_normalization/training/merged/training_data_merged_frac.csv...
2024-03-01 10:17:36,580 - Module(04_01_xgboost_training_main):Line(74) INFO - Splitting the data into features and labels...
2024-03-01 10:17:36,641 - Module(04_01_xgboost_training_main):Line(40) INFO - Setting up XGBoost classifier...
2024-03-01 10:17:36,642 - Module(04_01_xgboost_training_main):Line(50) INFO - Training the model...
2024-03-01 10:17:47,063 - Module(04_01_xgboost_training_main):Line(139) INFO - Training completed. It took 10.42 seconds.
2024-03-01 10:17:47,064 - Module(04_01_xgboost_training_main):Line(58) INFO - Evaluating the model...
2024-03-01 10:17:47,162 - Module(04_01_xgboost_training_main):Line(66) INFO - Accuracy: 0.768
2024-03-01 10:17:47,163 - Module(04_01_xgboost_training_main):Line(67) INFO - F1-score: 0.768
2024-03-01 10:17:47,163 - Module(04_01_xgboost_training_main):Line(145) INFO - Saving the model...
2024-03-01 10:17:47,183 - Module(04_01_xgboost_training_main):Line(151) INFO - Saving the evaluation results...
